[2025-07-12T13:13:14.881+0000] {local_task_job_runner.py:123} INFO - ::group::Pre task execution logs
[2025-07-12T13:13:14.902+0000] {taskinstance.py:2614} INFO - Dependencies all met for dep_context=non-requeueable deps ti=<TaskInstance: employee_prediction_job.make_predictions manual__2025-07-12T13:12:55+00:00 [queued]>
[2025-07-12T13:13:14.911+0000] {taskinstance.py:2614} INFO - Dependencies all met for dep_context=requeueable deps ti=<TaskInstance: employee_prediction_job.make_predictions manual__2025-07-12T13:12:55+00:00 [queued]>
[2025-07-12T13:13:14.911+0000] {taskinstance.py:2867} INFO - Starting attempt 1 of 1
[2025-07-12T13:13:14.924+0000] {taskinstance.py:2890} INFO - Executing <Task(PythonOperator): make_predictions> on 2025-07-12 13:12:55+00:00
[2025-07-12T13:13:14.932+0000] {warnings.py:112} WARNING - /home/airflow/.local/lib/python3.12/site-packages/airflow/task/task_runner/standard_task_runner.py:70: DeprecationWarning: This process (pid=106) is multi-threaded, use of fork() may lead to deadlocks in the child.
  pid = os.fork()

[2025-07-12T13:13:14.935+0000] {standard_task_runner.py:72} INFO - Started process 118 to run task
[2025-07-12T13:13:14.935+0000] {standard_task_runner.py:104} INFO - Running: ['airflow', 'tasks', 'run', 'employee_prediction_job', 'make_predictions', 'manual__2025-07-12T13:12:55+00:00', '--job-id', '63', '--raw', '--subdir', 'DAGS_FOLDER/prediction_job.py', '--cfg-path', '/tmp/tmp8yjakynp']
[2025-07-12T13:13:14.938+0000] {standard_task_runner.py:105} INFO - Job 63: Subtask make_predictions
[2025-07-12T13:13:15.205+0000] {task_command.py:467} INFO - Running <TaskInstance: employee_prediction_job.make_predictions manual__2025-07-12T13:12:55+00:00 [running]> on host f80ef267dd5d
[2025-07-12T13:13:15.271+0000] {taskinstance.py:3134} INFO - Exporting env vars: AIRFLOW_CTX_DAG_OWNER='airflow' AIRFLOW_CTX_DAG_ID='employee_prediction_job' AIRFLOW_CTX_TASK_ID='make_predictions' AIRFLOW_CTX_EXECUTION_DATE='2025-07-12T13:12:55+00:00' AIRFLOW_CTX_TRY_NUMBER='1' AIRFLOW_CTX_DAG_RUN_ID='manual__2025-07-12T13:12:55+00:00'
[2025-07-12T13:13:15.272+0000] {taskinstance.py:732} INFO - ::endgroup::
[2025-07-12T13:13:15.291+0000] {logging_mixin.py:190} INFO - Processing file: /opt/airflow/data/good_data/employee_data_with_errors_chunk_4.csv
[2025-07-12T13:13:15.305+0000] {logging_mixin.py:190} INFO - Unexpected error processing file /opt/airflow/data/good_data/employee_data_with_errors_chunk_4.csv: Out of range float values are not JSON compliant: nan
[2025-07-12T13:13:15.305+0000] {logging_mixin.py:190} INFO - Processing file: /opt/airflow/data/good_data/employee_data_with_errors_chunk_2.csv
[2025-07-12T13:13:15.313+0000] {logging_mixin.py:190} INFO - Unexpected error processing file /opt/airflow/data/good_data/employee_data_with_errors_chunk_2.csv: Out of range float values are not JSON compliant: nan
[2025-07-12T13:13:15.313+0000] {logging_mixin.py:190} INFO - Processing file: /opt/airflow/data/good_data/employee_data2_with_errors_chunk_20.csv
[2025-07-12T13:13:16.915+0000] {logging_mixin.py:190} INFO - Predictions for /opt/airflow/data/good_data/employee_data2_with_errors_chunk_20.csv completed successfully.
[2025-07-12T13:13:16.916+0000] {logging_mixin.py:190} INFO - Processing file: /opt/airflow/data/good_data/test_airflow.csv
[2025-07-12T13:13:17.109+0000] {logging_mixin.py:190} INFO - Predictions for /opt/airflow/data/good_data/test_airflow.csv completed successfully.
[2025-07-12T13:13:17.110+0000] {logging_mixin.py:190} INFO - Processing file: /opt/airflow/data/good_data/employee_data_with_errors_chunk_5.csv
[2025-07-12T13:13:17.116+0000] {logging_mixin.py:190} INFO - Unexpected error processing file /opt/airflow/data/good_data/employee_data_with_errors_chunk_5.csv: Out of range float values are not JSON compliant: nan
[2025-07-12T13:13:17.117+0000] {crypto.py:82} WARNING - empty cryptography key - values will not be stored encrypted.
[2025-07-12T13:13:17.118+0000] {base.py:84} INFO - Retrieving connection 'processed_files_db'
[2025-07-12T13:13:17.124+0000] {logging_mixin.py:190} INFO - Saved processed files: ['employee_data_with_errors_chunk_4.csv', 'employee_data_with_errors_chunk_2.csv', 'employee_data2_with_errors_chunk_20.csv', 'test_airflow.csv', 'employee_data_with_errors_chunk_5.csv']
[2025-07-12T13:13:17.125+0000] {logging_mixin.py:190} INFO - Total Predictions made: 2
[2025-07-12T13:13:17.126+0000] {python.py:240} INFO - Done. Returned value was: Predictions made for 5 files
[2025-07-12T13:13:17.148+0000] {taskinstance.py:341} INFO - ::group::Post task execution logs
[2025-07-12T13:13:17.149+0000] {taskinstance.py:353} INFO - Marking task as SUCCESS. dag_id=employee_prediction_job, task_id=make_predictions, run_id=manual__2025-07-12T13:12:55+00:00, execution_date=20250712T131255, start_date=20250712T131314, end_date=20250712T131317
[2025-07-12T13:13:17.235+0000] {local_task_job_runner.py:266} INFO - Task exited with return code 0
[2025-07-12T13:13:17.417+0000] {taskinstance.py:3901} INFO - 0 downstream tasks scheduled from follow-on schedule check
[2025-07-12T13:13:17.418+0000] {local_task_job_runner.py:245} INFO - ::endgroup::
