[2025-07-13T16:14:04.330+0000] {local_task_job_runner.py:123} INFO - ::group::Pre task execution logs
[2025-07-13T16:14:04.349+0000] {taskinstance.py:2614} INFO - Dependencies all met for dep_context=non-requeueable deps ti=<TaskInstance: employee_ingestion_dag.split_and_save_data scheduled__2025-07-13T16:13:00+00:00 [queued]>
[2025-07-13T16:14:04.358+0000] {taskinstance.py:2614} INFO - Dependencies all met for dep_context=requeueable deps ti=<TaskInstance: employee_ingestion_dag.split_and_save_data scheduled__2025-07-13T16:13:00+00:00 [queued]>
[2025-07-13T16:14:04.358+0000] {taskinstance.py:2867} INFO - Starting attempt 1 of 1
[2025-07-13T16:14:04.369+0000] {taskinstance.py:2890} INFO - Executing <Task(_PythonDecoratedOperator): split_and_save_data> on 2025-07-13 16:13:00+00:00
[2025-07-13T16:14:04.376+0000] {warnings.py:112} WARNING - /home/airflow/.local/lib/python3.12/site-packages/airflow/task/task_runner/standard_task_runner.py:70: DeprecationWarning: This process (pid=851) is multi-threaded, use of fork() may lead to deadlocks in the child.
  pid = os.fork()

[2025-07-13T16:14:04.378+0000] {standard_task_runner.py:72} INFO - Started process 857 to run task
[2025-07-13T16:14:04.378+0000] {standard_task_runner.py:104} INFO - Running: ['airflow', 'tasks', 'run', 'employee_ingestion_dag', 'split_and_save_data', 'scheduled__2025-07-13T16:13:00+00:00', '--job-id', '401', '--raw', '--subdir', 'DAGS_FOLDER/ingestion_pipeline.py', '--cfg-path', '/tmp/tmpt0h6bmoj']
[2025-07-13T16:14:04.380+0000] {standard_task_runner.py:105} INFO - Job 401: Subtask split_and_save_data
[2025-07-13T16:14:04.436+0000] {task_command.py:467} INFO - Running <TaskInstance: employee_ingestion_dag.split_and_save_data scheduled__2025-07-13T16:13:00+00:00 [running]> on host a0a54bfbbb9e
[2025-07-13T16:14:04.531+0000] {taskinstance.py:3134} INFO - Exporting env vars: AIRFLOW_CTX_DAG_OWNER='airflow' AIRFLOW_CTX_DAG_ID='employee_ingestion_dag' AIRFLOW_CTX_TASK_ID='split_and_save_data' AIRFLOW_CTX_EXECUTION_DATE='2025-07-13T16:13:00+00:00' AIRFLOW_CTX_TRY_NUMBER='1' AIRFLOW_CTX_DAG_RUN_ID='scheduled__2025-07-13T16:13:00+00:00'
[2025-07-13T16:14:04.535+0000] {taskinstance.py:732} INFO - ::endgroup::
[2025-07-13T16:14:04.994+0000] {logging_mixin.py:190} INFO - Processing file: employee_data2_with_errors_chunk_20.csv
[2025-07-13T16:14:04.995+0000] {logging_mixin.py:190} INFO - Total rows: 2409, Invalid rows: 0
[2025-07-13T16:14:05.018+0000] {logging_mixin.py:190} INFO - File moved to good_data: /opt/airflow/data/good_data/employee_data2_with_errors_chunk_20.csv
[2025-07-13T16:14:05.020+0000] {logging_mixin.py:190} INFO - Original file removed: /opt/airflow/data/raw_data/employee_data2_with_errors_chunk_20.csv
[2025-07-13T16:14:05.021+0000] {python.py:240} INFO - Done. Returned value was: None
[2025-07-13T16:14:05.036+0000] {taskinstance.py:341} INFO - ::group::Post task execution logs
[2025-07-13T16:14:05.036+0000] {taskinstance.py:353} INFO - Marking task as SUCCESS. dag_id=employee_ingestion_dag, task_id=split_and_save_data, run_id=scheduled__2025-07-13T16:13:00+00:00, execution_date=20250713T161300, start_date=20250713T161404, end_date=20250713T161405
[2025-07-13T16:14:05.116+0000] {local_task_job_runner.py:266} INFO - Task exited with return code 0
[2025-07-13T16:14:05.132+0000] {taskinstance.py:3901} INFO - 0 downstream tasks scheduled from follow-on schedule check
[2025-07-13T16:14:05.135+0000] {local_task_job_runner.py:245} INFO - ::endgroup::
