[2025-07-13T11:08:35.515+0000] {local_task_job_runner.py:123} INFO - ::group::Pre task execution logs
[2025-07-13T11:08:35.539+0000] {taskinstance.py:2614} INFO - Dependencies all met for dep_context=non-requeueable deps ti=<TaskInstance: employee_prediction_job.make_predictions manual__2025-07-13T11:08:32+00:00 [queued]>
[2025-07-13T11:08:35.549+0000] {taskinstance.py:2614} INFO - Dependencies all met for dep_context=requeueable deps ti=<TaskInstance: employee_prediction_job.make_predictions manual__2025-07-13T11:08:32+00:00 [queued]>
[2025-07-13T11:08:35.550+0000] {taskinstance.py:2867} INFO - Starting attempt 1 of 1
[2025-07-13T11:08:35.563+0000] {taskinstance.py:2890} INFO - Executing <Task(PythonOperator): make_predictions> on 2025-07-13 11:08:32+00:00
[2025-07-13T11:08:35.572+0000] {warnings.py:112} WARNING - /home/airflow/.local/lib/python3.12/site-packages/airflow/task/task_runner/standard_task_runner.py:70: DeprecationWarning: This process (pid=72) is multi-threaded, use of fork() may lead to deadlocks in the child.
  pid = os.fork()

[2025-07-13T11:08:35.574+0000] {standard_task_runner.py:72} INFO - Started process 74 to run task
[2025-07-13T11:08:35.575+0000] {standard_task_runner.py:104} INFO - Running: ['airflow', 'tasks', 'run', 'employee_prediction_job', 'make_predictions', 'manual__2025-07-13T11:08:32+00:00', '--job-id', '169', '--raw', '--subdir', 'DAGS_FOLDER/prediction_job.py', '--cfg-path', '/tmp/tmpwo3yshxq']
[2025-07-13T11:08:35.579+0000] {standard_task_runner.py:105} INFO - Job 169: Subtask make_predictions
[2025-07-13T11:08:35.873+0000] {task_command.py:467} INFO - Running <TaskInstance: employee_prediction_job.make_predictions manual__2025-07-13T11:08:32+00:00 [running]> on host a0a54bfbbb9e
[2025-07-13T11:08:35.969+0000] {taskinstance.py:3134} INFO - Exporting env vars: AIRFLOW_CTX_DAG_OWNER='airflow' AIRFLOW_CTX_DAG_ID='employee_prediction_job' AIRFLOW_CTX_TASK_ID='make_predictions' AIRFLOW_CTX_EXECUTION_DATE='2025-07-13T11:08:32+00:00' AIRFLOW_CTX_TRY_NUMBER='1' AIRFLOW_CTX_DAG_RUN_ID='manual__2025-07-13T11:08:32+00:00'
[2025-07-13T11:08:35.971+0000] {taskinstance.py:732} INFO - ::endgroup::
[2025-07-13T11:08:35.994+0000] {logging_mixin.py:190} INFO - Processing file: /opt/airflow/data/good_data/employee_data2_with_errors_chunk_12.csv
[2025-07-13T11:08:37.895+0000] {logging_mixin.py:190} INFO - Predictions for /opt/airflow/data/good_data/employee_data2_with_errors_chunk_12.csv completed successfully.
[2025-07-13T11:08:37.900+0000] {logging_mixin.py:190} INFO - Processing file: /opt/airflow/data/good_data/employee_data2_with_errors_chunk_5.csv
[2025-07-13T11:08:37.963+0000] {logging_mixin.py:190} INFO - Failed to predict for /opt/airflow/data/good_data/employee_data2_with_errors_chunk_5.csv. Status: 500, Response: {"detail":"Prediction error: could not convert string to float: 'Old'"}
[2025-07-13T11:08:37.964+0000] {logging_mixin.py:190} INFO - Processing file: /opt/airflow/data/good_data/test_airflow.csv
[2025-07-13T11:08:37.989+0000] {logging_mixin.py:190} INFO - Predictions for /opt/airflow/data/good_data/test_airflow.csv completed successfully.
[2025-07-13T11:08:37.990+0000] {logging_mixin.py:190} INFO - Processing file: /opt/airflow/data/good_data/employee_data2_with_errors_chunk_14.csv
[2025-07-13T11:08:38.198+0000] {logging_mixin.py:190} INFO - Failed to predict for /opt/airflow/data/good_data/employee_data2_with_errors_chunk_14.csv. Status: 500, Response: {"detail":"Prediction error: could not convert string to float: 'Young'"}
[2025-07-13T11:08:38.200+0000] {logging_mixin.py:190} INFO - Processing file: /opt/airflow/data/good_data/employee_data2_with_errors_chunk_19.csv
[2025-07-13T11:08:38.401+0000] {logging_mixin.py:190} INFO - Failed to predict for /opt/airflow/data/good_data/employee_data2_with_errors_chunk_19.csv. Status: 500, Response: {"detail":"Prediction error: could not convert string to float: 'Old'"}
[2025-07-13T11:08:38.402+0000] {logging_mixin.py:190} INFO - Processing file: /opt/airflow/data/good_data/employee_data2_with_errors_chunk_4.csv
[2025-07-13T11:08:38.580+0000] {logging_mixin.py:190} INFO - Failed to predict for /opt/airflow/data/good_data/employee_data2_with_errors_chunk_4.csv. Status: 500, Response: {"detail":"Prediction error: could not convert string to float: 'Teen'"}
[2025-07-13T11:08:38.584+0000] {logging_mixin.py:190} INFO - Processing file: /opt/airflow/data/good_data/employee_data2_with_errors_chunk_11.csv
[2025-07-13T11:08:38.766+0000] {logging_mixin.py:190} INFO - Failed to predict for /opt/airflow/data/good_data/employee_data2_with_errors_chunk_11.csv. Status: 500, Response: {"detail":"Prediction error: could not convert string to float: 'Young'"}
[2025-07-13T11:08:38.767+0000] {logging_mixin.py:190} INFO - Processing file: /opt/airflow/data/good_data/employee_data2_with_errors_chunk_16.csv
[2025-07-13T11:08:39.516+0000] {logging_mixin.py:190} INFO - Predictions for /opt/airflow/data/good_data/employee_data2_with_errors_chunk_16.csv completed successfully.
[2025-07-13T11:08:39.518+0000] {logging_mixin.py:190} INFO - Processing file: /opt/airflow/data/good_data/employee_data2_with_errors_chunk_17.csv
[2025-07-13T11:08:39.576+0000] {logging_mixin.py:190} INFO - Failed to predict for /opt/airflow/data/good_data/employee_data2_with_errors_chunk_17.csv. Status: 500, Response: {"detail":"Prediction error: could not convert string to float: 'Young'"}
[2025-07-13T11:08:39.576+0000] {logging_mixin.py:190} INFO - Processing file: /opt/airflow/data/good_data/employee_data2_with_errors_chunk_3.csv
[2025-07-13T11:08:39.764+0000] {logging_mixin.py:190} INFO - Failed to predict for /opt/airflow/data/good_data/employee_data2_with_errors_chunk_3.csv. Status: 500, Response: {"detail":"Prediction error: could not convert string to float: 'Teen'"}
[2025-07-13T11:08:39.765+0000] {logging_mixin.py:190} INFO - Processing file: /opt/airflow/data/good_data/employee_data2_with_errors_chunk_1.csv
[2025-07-13T11:08:40.523+0000] {logging_mixin.py:190} INFO - Predictions for /opt/airflow/data/good_data/employee_data2_with_errors_chunk_1.csv completed successfully.
[2025-07-13T11:08:40.524+0000] {logging_mixin.py:190} INFO - Processing file: /opt/airflow/data/good_data/employee_data2_with_errors_chunk_9.csv
[2025-07-13T11:08:40.764+0000] {logging_mixin.py:190} INFO - Failed to predict for /opt/airflow/data/good_data/employee_data2_with_errors_chunk_9.csv. Status: 500, Response: {"detail":"Prediction error: could not convert string to float: 'Young'"}
[2025-07-13T11:08:40.764+0000] {logging_mixin.py:190} INFO - Processing file: /opt/airflow/data/good_data/employee_data2_with_errors_chunk_18.csv
[2025-07-13T11:08:40.827+0000] {logging_mixin.py:190} INFO - Failed to predict for /opt/airflow/data/good_data/employee_data2_with_errors_chunk_18.csv. Status: 500, Response: {"detail":"Prediction error: could not convert string to float: 'Teen'"}
[2025-07-13T11:08:40.828+0000] {logging_mixin.py:190} INFO - Processing file: /opt/airflow/data/good_data/employee_data2_with_errors_chunk_8.csv
[2025-07-13T11:08:41.822+0000] {logging_mixin.py:190} INFO - Predictions for /opt/airflow/data/good_data/employee_data2_with_errors_chunk_8.csv completed successfully.
[2025-07-13T11:08:41.824+0000] {logging_mixin.py:190} INFO - Processing file: /opt/airflow/data/good_data/employee_data2_with_errors_chunk_20.csv
[2025-07-13T11:08:42.625+0000] {logging_mixin.py:190} INFO - Predictions for /opt/airflow/data/good_data/employee_data2_with_errors_chunk_20.csv completed successfully.
[2025-07-13T11:08:42.627+0000] {logging_mixin.py:190} INFO - Processing file: /opt/airflow/data/good_data/employee_data2_with_errors_chunk_7.csv
[2025-07-13T11:08:42.696+0000] {logging_mixin.py:190} INFO - Failed to predict for /opt/airflow/data/good_data/employee_data2_with_errors_chunk_7.csv. Status: 500, Response: {"detail":"Prediction error: could not convert string to float: 'Old'"}
[2025-07-13T11:08:42.697+0000] {logging_mixin.py:190} INFO - Processing file: /opt/airflow/data/good_data/employee_data2_with_errors_chunk_13.csv
[2025-07-13T11:08:42.785+0000] {logging_mixin.py:190} INFO - Failed to predict for /opt/airflow/data/good_data/employee_data2_with_errors_chunk_13.csv. Status: 500, Response: {"detail":"Prediction error: could not convert string to float: 'Old'"}
[2025-07-13T11:08:42.787+0000] {logging_mixin.py:190} INFO - Processing file: /opt/airflow/data/good_data/employee_data2_with_errors_chunk_10.csv
[2025-07-13T11:08:43.051+0000] {logging_mixin.py:190} INFO - Failed to predict for /opt/airflow/data/good_data/employee_data2_with_errors_chunk_10.csv. Status: 500, Response: {"detail":"Prediction error: could not convert string to float: 'Old'"}
[2025-07-13T11:08:43.053+0000] {logging_mixin.py:190} INFO - Processing file: /opt/airflow/data/good_data/employee_data2_with_errors_chunk_2.csv
[2025-07-13T11:08:43.265+0000] {logging_mixin.py:190} INFO - Failed to predict for /opt/airflow/data/good_data/employee_data2_with_errors_chunk_2.csv. Status: 500, Response: {"detail":"Prediction error: could not convert string to float: 'Teen'"}
[2025-07-13T11:08:43.267+0000] {crypto.py:82} WARNING - empty cryptography key - values will not be stored encrypted.
[2025-07-13T11:08:43.268+0000] {base.py:84} INFO - Retrieving connection 'processed_files_db'
[2025-07-13T11:08:43.280+0000] {logging_mixin.py:190} INFO - Saved processed files: ['employee_data2_with_errors_chunk_12.csv', 'employee_data2_with_errors_chunk_5.csv', 'test_airflow.csv', 'employee_data2_with_errors_chunk_14.csv', 'employee_data2_with_errors_chunk_19.csv', 'employee_data2_with_errors_chunk_4.csv', 'employee_data2_with_errors_chunk_11.csv', 'employee_data2_with_errors_chunk_16.csv', 'employee_data2_with_errors_chunk_17.csv', 'employee_data2_with_errors_chunk_3.csv', 'employee_data2_with_errors_chunk_1.csv', 'employee_data2_with_errors_chunk_9.csv', 'employee_data2_with_errors_chunk_18.csv', 'employee_data2_with_errors_chunk_8.csv', 'employee_data2_with_errors_chunk_20.csv', 'employee_data2_with_errors_chunk_7.csv', 'employee_data2_with_errors_chunk_13.csv', 'employee_data2_with_errors_chunk_10.csv', 'employee_data2_with_errors_chunk_2.csv']
[2025-07-13T11:08:43.281+0000] {logging_mixin.py:190} INFO - Total Predictions made: 6
[2025-07-13T11:08:43.284+0000] {python.py:240} INFO - Done. Returned value was: Predictions made for 19 files
[2025-07-13T11:08:43.306+0000] {taskinstance.py:341} INFO - ::group::Post task execution logs
[2025-07-13T11:08:43.307+0000] {taskinstance.py:353} INFO - Marking task as SUCCESS. dag_id=employee_prediction_job, task_id=make_predictions, run_id=manual__2025-07-13T11:08:32+00:00, execution_date=20250713T110832, start_date=20250713T110835, end_date=20250713T110843
[2025-07-13T11:08:43.382+0000] {local_task_job_runner.py:266} INFO - Task exited with return code 0
[2025-07-13T11:08:43.610+0000] {taskinstance.py:3901} INFO - 0 downstream tasks scheduled from follow-on schedule check
[2025-07-13T11:08:43.612+0000] {local_task_job_runner.py:245} INFO - ::endgroup::
