[2025-07-12T13:35:01.415+0000] {local_task_job_runner.py:123} INFO - ::group::Pre task execution logs
[2025-07-12T13:35:01.435+0000] {taskinstance.py:2614} INFO - Dependencies all met for dep_context=non-requeueable deps ti=<TaskInstance: employee_prediction_job.check_for_new_data scheduled__2025-07-12T13:30:00+00:00 [queued]>
[2025-07-12T13:35:01.443+0000] {taskinstance.py:2614} INFO - Dependencies all met for dep_context=requeueable deps ti=<TaskInstance: employee_prediction_job.check_for_new_data scheduled__2025-07-12T13:30:00+00:00 [queued]>
[2025-07-12T13:35:01.444+0000] {taskinstance.py:2867} INFO - Starting attempt 1 of 1
[2025-07-12T13:35:01.455+0000] {taskinstance.py:2890} INFO - Executing <Task(PythonOperator): check_for_new_data> on 2025-07-12 13:30:00+00:00
[2025-07-12T13:35:01.463+0000] {warnings.py:112} WARNING - /home/airflow/.local/lib/python3.12/site-packages/airflow/task/task_runner/standard_task_runner.py:70: DeprecationWarning: This process (pid=950) is multi-threaded, use of fork() may lead to deadlocks in the child.
  pid = os.fork()

[2025-07-12T13:35:01.465+0000] {standard_task_runner.py:72} INFO - Started process 954 to run task
[2025-07-12T13:35:01.465+0000] {standard_task_runner.py:104} INFO - Running: ['airflow', 'tasks', 'run', 'employee_prediction_job', 'check_for_new_data', 'scheduled__2025-07-12T13:30:00+00:00', '--job-id', '183', '--raw', '--subdir', 'DAGS_FOLDER/prediction_job.py', '--cfg-path', '/tmp/tmpe0q5cu1o']
[2025-07-12T13:35:01.467+0000] {standard_task_runner.py:105} INFO - Job 183: Subtask check_for_new_data
[2025-07-12T13:35:01.529+0000] {task_command.py:467} INFO - Running <TaskInstance: employee_prediction_job.check_for_new_data scheduled__2025-07-12T13:30:00+00:00 [running]> on host f80ef267dd5d
[2025-07-12T13:35:01.772+0000] {taskinstance.py:3134} INFO - Exporting env vars: AIRFLOW_CTX_DAG_OWNER='airflow' AIRFLOW_CTX_DAG_ID='employee_prediction_job' AIRFLOW_CTX_TASK_ID='check_for_new_data' AIRFLOW_CTX_EXECUTION_DATE='2025-07-12T13:30:00+00:00' AIRFLOW_CTX_TRY_NUMBER='1' AIRFLOW_CTX_DAG_RUN_ID='scheduled__2025-07-12T13:30:00+00:00'
[2025-07-12T13:35:01.776+0000] {taskinstance.py:732} INFO - ::endgroup::
[2025-07-12T13:35:01.789+0000] {crypto.py:82} WARNING - empty cryptography key - values will not be stored encrypted.
[2025-07-12T13:35:01.790+0000] {base.py:84} INFO - Retrieving connection 'processed_files_db'
[2025-07-12T13:35:01.798+0000] {logging_mixin.py:190} INFO - Found new files: ['employee_data2_with_errors_chunk_8.csv', 'employee_data2_with_errors_chunk_3.csv', 'employee_data2_with_errors_chunk_18.csv', 'employee_data2_with_errors_chunk_16.csv']
[2025-07-12T13:35:01.799+0000] {python.py:240} INFO - Done. Returned value was: ['employee_data2_with_errors_chunk_8.csv', 'employee_data2_with_errors_chunk_3.csv', 'employee_data2_with_errors_chunk_18.csv', 'employee_data2_with_errors_chunk_16.csv']
[2025-07-12T13:35:01.824+0000] {taskinstance.py:341} INFO - ::group::Post task execution logs
[2025-07-12T13:35:01.825+0000] {taskinstance.py:353} INFO - Marking task as SUCCESS. dag_id=employee_prediction_job, task_id=check_for_new_data, run_id=scheduled__2025-07-12T13:30:00+00:00, execution_date=20250712T133000, start_date=20250712T133501, end_date=20250712T133501
[2025-07-12T13:35:01.880+0000] {local_task_job_runner.py:266} INFO - Task exited with return code 0
[2025-07-12T13:35:02.081+0000] {taskinstance.py:3901} INFO - 1 downstream tasks scheduled from follow-on schedule check
[2025-07-12T13:35:02.083+0000] {local_task_job_runner.py:245} INFO - ::endgroup::
