[2025-07-13T10:39:04.946+0000] {local_task_job_runner.py:123} INFO - ::group::Pre task execution logs
[2025-07-13T10:39:04.984+0000] {taskinstance.py:2614} INFO - Dependencies all met for dep_context=non-requeueable deps ti=<TaskInstance: employee_ingestion_dag.send_alerts scheduled__2025-07-13T10:38:00+00:00 [queued]>
[2025-07-13T10:39:04.998+0000] {taskinstance.py:2614} INFO - Dependencies all met for dep_context=requeueable deps ti=<TaskInstance: employee_ingestion_dag.send_alerts scheduled__2025-07-13T10:38:00+00:00 [queued]>
[2025-07-13T10:39:04.998+0000] {taskinstance.py:2867} INFO - Starting attempt 1 of 1
[2025-07-13T10:39:05.012+0000] {taskinstance.py:2890} INFO - Executing <Task(_PythonDecoratedOperator): send_alerts> on 2025-07-13 10:38:00+00:00
[2025-07-13T10:39:05.019+0000] {warnings.py:112} WARNING - /home/airflow/.local/lib/python3.12/site-packages/airflow/task/task_runner/standard_task_runner.py:70: DeprecationWarning: This process (pid=184) is multi-threaded, use of fork() may lead to deadlocks in the child.
  pid = os.fork()

[2025-07-13T10:39:05.020+0000] {standard_task_runner.py:72} INFO - Started process 186 to run task
[2025-07-13T10:39:05.021+0000] {standard_task_runner.py:104} INFO - Running: ['airflow', 'tasks', 'run', 'employee_ingestion_dag', 'send_alerts', 'scheduled__2025-07-13T10:38:00+00:00', '--job-id', '42', '--raw', '--subdir', 'DAGS_FOLDER/ingestion_pipeline.py', '--cfg-path', '/tmp/tmpj08td_fs']
[2025-07-13T10:39:05.022+0000] {standard_task_runner.py:105} INFO - Job 42: Subtask send_alerts
[2025-07-13T10:39:05.092+0000] {task_command.py:467} INFO - Running <TaskInstance: employee_ingestion_dag.send_alerts scheduled__2025-07-13T10:38:00+00:00 [running]> on host c45a93548ada
[2025-07-13T10:39:05.230+0000] {taskinstance.py:3134} INFO - Exporting env vars: AIRFLOW_CTX_DAG_OWNER='airflow' AIRFLOW_CTX_DAG_ID='employee_ingestion_dag' AIRFLOW_CTX_TASK_ID='send_alerts' AIRFLOW_CTX_EXECUTION_DATE='2025-07-13T10:38:00+00:00' AIRFLOW_CTX_TRY_NUMBER='1' AIRFLOW_CTX_DAG_RUN_ID='scheduled__2025-07-13T10:38:00+00:00'
[2025-07-13T10:39:05.232+0000] {taskinstance.py:732} INFO - ::endgroup::
[2025-07-13T10:39:05.249+0000] {ingestion_pipeline.py:149} WARNING - TEAMS_WEBHOOK_URL not configured, skipping Teams alert
[2025-07-13T10:39:05.253+0000] {ingestion_pipeline.py:219} INFO - HTML report generated: /opt/airflow/great_expectations/uncommitted/data_docs/local_site/validations/validation_report_20250713_103905.html
[2025-07-13T10:39:05.254+0000] {ingestion_pipeline.py:258} INFO - Teams webhook not configured or using placeholder URL - alert not sent
[2025-07-13T10:39:05.254+0000] {ingestion_pipeline.py:261} INFO - 
            🚨 DATA VALIDATION ALERT 🚨
            File: employee_data2_with_errors_chunk_11.csv
            Total Rows: 2417
            Valid Rows: 2417
            Invalid Rows: 0
            Criticality: LOW
            Issues: No issues found
            Report: http://localhost:8080/static/validation_reports/validation_report_20250713_103905.html
            
[2025-07-13T10:39:05.255+0000] {python.py:240} INFO - Done. Returned value was: None
[2025-07-13T10:39:05.268+0000] {taskinstance.py:341} INFO - ::group::Post task execution logs
[2025-07-13T10:39:05.269+0000] {taskinstance.py:353} INFO - Marking task as SUCCESS. dag_id=employee_ingestion_dag, task_id=send_alerts, run_id=scheduled__2025-07-13T10:38:00+00:00, execution_date=20250713T103800, start_date=20250713T103904, end_date=20250713T103905
[2025-07-13T10:39:05.318+0000] {local_task_job_runner.py:266} INFO - Task exited with return code 0
[2025-07-13T10:39:05.343+0000] {taskinstance.py:3901} INFO - 0 downstream tasks scheduled from follow-on schedule check
[2025-07-13T10:39:05.352+0000] {local_task_job_runner.py:245} INFO - ::endgroup::
