[2025-07-12T13:33:02.991+0000] {local_task_job_runner.py:123} INFO - ::group::Pre task execution logs
[2025-07-12T13:33:03.012+0000] {taskinstance.py:2614} INFO - Dependencies all met for dep_context=non-requeueable deps ti=<TaskInstance: employee_ingestion_dag.send_alerts scheduled__2025-07-12T13:32:00+00:00 [queued]>
[2025-07-12T13:33:03.018+0000] {taskinstance.py:2614} INFO - Dependencies all met for dep_context=requeueable deps ti=<TaskInstance: employee_ingestion_dag.send_alerts scheduled__2025-07-12T13:32:00+00:00 [queued]>
[2025-07-12T13:33:03.019+0000] {taskinstance.py:2867} INFO - Starting attempt 1 of 1
[2025-07-12T13:33:03.027+0000] {taskinstance.py:2890} INFO - Executing <Task(_PythonDecoratedOperator): send_alerts> on 2025-07-12 13:32:00+00:00
[2025-07-12T13:33:03.034+0000] {warnings.py:112} WARNING - /home/airflow/.local/lib/python3.12/site-packages/airflow/task/task_runner/standard_task_runner.py:70: DeprecationWarning: This process (pid=892) is multi-threaded, use of fork() may lead to deadlocks in the child.
  pid = os.fork()

[2025-07-12T13:33:03.036+0000] {standard_task_runner.py:72} INFO - Started process 894 to run task
[2025-07-12T13:33:03.036+0000] {standard_task_runner.py:104} INFO - Running: ['airflow', 'tasks', 'run', 'employee_ingestion_dag', 'send_alerts', 'scheduled__2025-07-12T13:32:00+00:00', '--job-id', '174', '--raw', '--subdir', 'DAGS_FOLDER/ingestion_pipeline.py', '--cfg-path', '/tmp/tmpu1gtxjy3']
[2025-07-12T13:33:03.037+0000] {standard_task_runner.py:105} INFO - Job 174: Subtask send_alerts
[2025-07-12T13:33:03.082+0000] {task_command.py:467} INFO - Running <TaskInstance: employee_ingestion_dag.send_alerts scheduled__2025-07-12T13:32:00+00:00 [running]> on host f80ef267dd5d
[2025-07-12T13:33:03.151+0000] {taskinstance.py:3134} INFO - Exporting env vars: AIRFLOW_CTX_DAG_OWNER='airflow' AIRFLOW_CTX_DAG_ID='employee_ingestion_dag' AIRFLOW_CTX_TASK_ID='send_alerts' AIRFLOW_CTX_EXECUTION_DATE='2025-07-12T13:32:00+00:00' AIRFLOW_CTX_TRY_NUMBER='1' AIRFLOW_CTX_DAG_RUN_ID='scheduled__2025-07-12T13:32:00+00:00'
[2025-07-12T13:33:03.152+0000] {taskinstance.py:732} INFO - ::endgroup::
[2025-07-12T13:33:05.332+0000] {ingestion_pipeline.py:146} WARNING - TEAMS_WEBHOOK_URL not configured, skipping Teams alert
[2025-07-12T13:33:05.349+0000] {ingestion_pipeline.py:163} WARNING - Failed to build data docs: [Errno 13] Permission denied: '/opt/airflow/gx/plugins/custom_data_docs/styles/data_docs_custom_styles.css'
[2025-07-12T13:33:05.349+0000] {ingestion_pipeline.py:198} INFO - 
            🚨 DATA VALIDATION ALERT 🚨
            File: employee_data2_with_errors_chunk_8.csv
            Total Rows: 2955
            Valid Rows: 2407
            Invalid Rows: 548
            Criticality: MEDIUM
            Issues: Age: 289 missing values; Gender: 283 missing values
            Report: http://localhost:8085/
            
[2025-07-12T13:33:05.349+0000] {python.py:240} INFO - Done. Returned value was: None
[2025-07-12T13:33:05.357+0000] {taskinstance.py:341} INFO - ::group::Post task execution logs
[2025-07-12T13:33:05.357+0000] {taskinstance.py:353} INFO - Marking task as SUCCESS. dag_id=employee_ingestion_dag, task_id=send_alerts, run_id=scheduled__2025-07-12T13:32:00+00:00, execution_date=20250712T133200, start_date=20250712T133303, end_date=20250712T133305
[2025-07-12T13:33:05.426+0000] {local_task_job_runner.py:266} INFO - Task exited with return code 0
[2025-07-12T13:33:05.440+0000] {taskinstance.py:3901} INFO - 0 downstream tasks scheduled from follow-on schedule check
[2025-07-12T13:33:05.442+0000] {local_task_job_runner.py:245} INFO - ::endgroup::
