[2025-07-13T11:55:01.275+0000] {local_task_job_runner.py:123} INFO - ::group::Pre task execution logs
[2025-07-13T11:55:01.288+0000] {taskinstance.py:2614} INFO - Dependencies all met for dep_context=non-requeueable deps ti=<TaskInstance: employee_prediction_job.check_for_new_data scheduled__2025-07-13T11:50:00+00:00 [queued]>
[2025-07-13T11:55:01.293+0000] {taskinstance.py:2614} INFO - Dependencies all met for dep_context=requeueable deps ti=<TaskInstance: employee_prediction_job.check_for_new_data scheduled__2025-07-13T11:50:00+00:00 [queued]>
[2025-07-13T11:55:01.294+0000] {taskinstance.py:2867} INFO - Starting attempt 1 of 1
[2025-07-13T11:55:01.302+0000] {taskinstance.py:2890} INFO - Executing <Task(PythonOperator): check_for_new_data> on 2025-07-13 11:50:00+00:00
[2025-07-13T11:55:01.309+0000] {warnings.py:112} WARNING - /home/airflow/.local/lib/python3.12/site-packages/airflow/task/task_runner/standard_task_runner.py:70: DeprecationWarning: This process (pid=351) is multi-threaded, use of fork() may lead to deadlocks in the child.
  pid = os.fork()

[2025-07-13T11:55:01.310+0000] {standard_task_runner.py:72} INFO - Started process 355 to run task
[2025-07-13T11:55:01.311+0000] {standard_task_runner.py:104} INFO - Running: ['airflow', 'tasks', 'run', 'employee_prediction_job', 'check_for_new_data', 'scheduled__2025-07-13T11:50:00+00:00', '--job-id', '252', '--raw', '--subdir', 'DAGS_FOLDER/prediction_job.py', '--cfg-path', '/tmp/tmp20za0dhi']
[2025-07-13T11:55:01.312+0000] {standard_task_runner.py:105} INFO - Job 252: Subtask check_for_new_data
[2025-07-13T11:55:01.364+0000] {task_command.py:467} INFO - Running <TaskInstance: employee_prediction_job.check_for_new_data scheduled__2025-07-13T11:50:00+00:00 [running]> on host a0a54bfbbb9e
[2025-07-13T11:55:01.591+0000] {taskinstance.py:3134} INFO - Exporting env vars: AIRFLOW_CTX_DAG_OWNER='airflow' AIRFLOW_CTX_DAG_ID='employee_prediction_job' AIRFLOW_CTX_TASK_ID='check_for_new_data' AIRFLOW_CTX_EXECUTION_DATE='2025-07-13T11:50:00+00:00' AIRFLOW_CTX_TRY_NUMBER='1' AIRFLOW_CTX_DAG_RUN_ID='scheduled__2025-07-13T11:50:00+00:00'
[2025-07-13T11:55:01.592+0000] {taskinstance.py:732} INFO - ::endgroup::
[2025-07-13T11:55:01.601+0000] {crypto.py:82} WARNING - empty cryptography key - values will not be stored encrypted.
[2025-07-13T11:55:01.602+0000] {base.py:84} INFO - Retrieving connection 'processed_files_db'
[2025-07-13T11:55:01.607+0000] {taskinstance.py:302} INFO - No new files to process.
[2025-07-13T11:55:01.630+0000] {taskinstance.py:341} INFO - ::group::Post task execution logs
[2025-07-13T11:55:01.631+0000] {taskinstance.py:353} INFO - Marking task as SKIPPED. dag_id=employee_prediction_job, task_id=check_for_new_data, run_id=scheduled__2025-07-13T11:50:00+00:00, execution_date=20250713T115000, start_date=20250713T115501, end_date=20250713T115501
[2025-07-13T11:55:01.725+0000] {local_task_job_runner.py:266} INFO - Task exited with return code 0
[2025-07-13T11:55:01.921+0000] {taskinstance.py:3901} INFO - 0 downstream tasks scheduled from follow-on schedule check
[2025-07-13T11:55:01.924+0000] {local_task_job_runner.py:245} INFO - ::endgroup::
