[2025-07-13T11:30:02.750+0000] {local_task_job_runner.py:123} INFO - ::group::Pre task execution logs
[2025-07-13T11:30:02.782+0000] {taskinstance.py:2614} INFO - Dependencies all met for dep_context=non-requeueable deps ti=<TaskInstance: employee_prediction_job.make_predictions scheduled__2025-07-13T11:25:00+00:00 [queued]>
[2025-07-13T11:30:02.790+0000] {taskinstance.py:2614} INFO - Dependencies all met for dep_context=requeueable deps ti=<TaskInstance: employee_prediction_job.make_predictions scheduled__2025-07-13T11:25:00+00:00 [queued]>
[2025-07-13T11:30:02.791+0000] {taskinstance.py:2867} INFO - Starting attempt 1 of 1
[2025-07-13T11:30:02.803+0000] {taskinstance.py:2890} INFO - Executing <Task(PythonOperator): make_predictions> on 2025-07-13 11:25:00+00:00
[2025-07-13T11:30:02.814+0000] {warnings.py:112} WARNING - /home/airflow/.local/lib/python3.12/site-packages/airflow/task/task_runner/standard_task_runner.py:70: DeprecationWarning: This process (pid=245) is multi-threaded, use of fork() may lead to deadlocks in the child.
  pid = os.fork()

[2025-07-13T11:30:02.818+0000] {standard_task_runner.py:72} INFO - Started process 250 to run task
[2025-07-13T11:30:02.819+0000] {standard_task_runner.py:104} INFO - Running: ['airflow', 'tasks', 'run', 'employee_prediction_job', 'make_predictions', 'scheduled__2025-07-13T11:25:00+00:00', '--job-id', '219', '--raw', '--subdir', 'DAGS_FOLDER/prediction_job.py', '--cfg-path', '/tmp/tmpco6tfymf']
[2025-07-13T11:30:02.824+0000] {standard_task_runner.py:105} INFO - Job 219: Subtask make_predictions
[2025-07-13T11:30:02.929+0000] {task_command.py:467} INFO - Running <TaskInstance: employee_prediction_job.make_predictions scheduled__2025-07-13T11:25:00+00:00 [running]> on host a0a54bfbbb9e
[2025-07-13T11:30:03.047+0000] {taskinstance.py:3134} INFO - Exporting env vars: AIRFLOW_CTX_DAG_OWNER='airflow' AIRFLOW_CTX_DAG_ID='employee_prediction_job' AIRFLOW_CTX_TASK_ID='make_predictions' AIRFLOW_CTX_EXECUTION_DATE='2025-07-13T11:25:00+00:00' AIRFLOW_CTX_TRY_NUMBER='1' AIRFLOW_CTX_DAG_RUN_ID='scheduled__2025-07-13T11:25:00+00:00'
[2025-07-13T11:30:03.049+0000] {taskinstance.py:732} INFO - ::endgroup::
[2025-07-13T11:30:03.072+0000] {logging_mixin.py:190} INFO - Processing file: /opt/airflow/data/good_data/demo_file.csv
[2025-07-13T11:30:03.086+0000] {logging_mixin.py:190} INFO - File /opt/airflow/data/good_data/demo_file.csv is missing required columns: ['Gender']
[2025-07-13T11:30:03.088+0000] {crypto.py:82} WARNING - empty cryptography key - values will not be stored encrypted.
[2025-07-13T11:30:03.089+0000] {base.py:84} INFO - Retrieving connection 'processed_files_db'
[2025-07-13T11:30:03.097+0000] {logging_mixin.py:190} INFO - Saved processed files: ['demo_file.csv']
[2025-07-13T11:30:03.098+0000] {python.py:240} INFO - Done. Returned value was: Predictions made for 1 files
[2025-07-13T11:30:03.120+0000] {taskinstance.py:341} INFO - ::group::Post task execution logs
[2025-07-13T11:30:03.121+0000] {taskinstance.py:353} INFO - Marking task as SUCCESS. dag_id=employee_prediction_job, task_id=make_predictions, run_id=scheduled__2025-07-13T11:25:00+00:00, execution_date=20250713T112500, start_date=20250713T113002, end_date=20250713T113003
[2025-07-13T11:30:03.196+0000] {local_task_job_runner.py:266} INFO - Task exited with return code 0
[2025-07-13T11:30:03.210+0000] {taskinstance.py:3901} INFO - 0 downstream tasks scheduled from follow-on schedule check
[2025-07-13T11:30:03.212+0000] {local_task_job_runner.py:245} INFO - ::endgroup::
