[2025-07-12T13:40:03.814+0000] {local_task_job_runner.py:123} INFO - ::group::Pre task execution logs
[2025-07-12T13:40:03.832+0000] {taskinstance.py:2614} INFO - Dependencies all met for dep_context=non-requeueable deps ti=<TaskInstance: employee_prediction_job.make_predictions scheduled__2025-07-12T13:35:00+00:00 [queued]>
[2025-07-12T13:40:03.840+0000] {taskinstance.py:2614} INFO - Dependencies all met for dep_context=requeueable deps ti=<TaskInstance: employee_prediction_job.make_predictions scheduled__2025-07-12T13:35:00+00:00 [queued]>
[2025-07-12T13:40:03.841+0000] {taskinstance.py:2867} INFO - Starting attempt 1 of 1
[2025-07-12T13:40:03.852+0000] {taskinstance.py:2890} INFO - Executing <Task(PythonOperator): make_predictions> on 2025-07-12 13:35:00+00:00
[2025-07-12T13:40:03.860+0000] {warnings.py:112} WARNING - /home/airflow/.local/lib/python3.12/site-packages/airflow/task/task_runner/standard_task_runner.py:70: DeprecationWarning: This process (pid=1088) is multi-threaded, use of fork() may lead to deadlocks in the child.
  pid = os.fork()

[2025-07-12T13:40:03.861+0000] {standard_task_runner.py:72} INFO - Started process 1098 to run task
[2025-07-12T13:40:03.861+0000] {standard_task_runner.py:104} INFO - Running: ['airflow', 'tasks', 'run', 'employee_prediction_job', 'make_predictions', 'scheduled__2025-07-12T13:35:00+00:00', '--job-id', '220', '--raw', '--subdir', 'DAGS_FOLDER/prediction_job.py', '--cfg-path', '/tmp/tmp38l5fta6']
[2025-07-12T13:40:03.863+0000] {standard_task_runner.py:105} INFO - Job 220: Subtask make_predictions
[2025-07-12T13:40:04.083+0000] {task_command.py:467} INFO - Running <TaskInstance: employee_prediction_job.make_predictions scheduled__2025-07-12T13:35:00+00:00 [running]> on host f80ef267dd5d
[2025-07-12T13:40:04.171+0000] {taskinstance.py:3134} INFO - Exporting env vars: AIRFLOW_CTX_DAG_OWNER='airflow' AIRFLOW_CTX_DAG_ID='employee_prediction_job' AIRFLOW_CTX_TASK_ID='make_predictions' AIRFLOW_CTX_EXECUTION_DATE='2025-07-12T13:35:00+00:00' AIRFLOW_CTX_TRY_NUMBER='1' AIRFLOW_CTX_DAG_RUN_ID='scheduled__2025-07-12T13:35:00+00:00'
[2025-07-12T13:40:04.172+0000] {taskinstance.py:732} INFO - ::endgroup::
[2025-07-12T13:40:04.207+0000] {logging_mixin.py:190} INFO - Processing file: /opt/airflow/data/good_data/employee_data2_with_errors_chunk_14.csv
[2025-07-12T13:40:04.424+0000] {logging_mixin.py:190} INFO - Failed to predict for /opt/airflow/data/good_data/employee_data2_with_errors_chunk_14.csv. Status: 500, Response: {"detail":"Prediction error: could not convert string to float: 'Young'"}
[2025-07-12T13:40:04.425+0000] {logging_mixin.py:190} INFO - Processing file: /opt/airflow/data/good_data/employee_data2_with_errors_chunk_4.csv
[2025-07-12T13:40:04.703+0000] {logging_mixin.py:190} INFO - Failed to predict for /opt/airflow/data/good_data/employee_data2_with_errors_chunk_4.csv. Status: 500, Response: {"detail":"Prediction error: could not convert string to float: 'Teen'"}
[2025-07-12T13:40:04.703+0000] {logging_mixin.py:190} INFO - Processing file: /opt/airflow/data/good_data/employee_data2_with_errors_chunk_12.csv
[2025-07-12T13:40:05.415+0000] {logging_mixin.py:190} INFO - Predictions for /opt/airflow/data/good_data/employee_data2_with_errors_chunk_12.csv completed successfully.
[2025-07-12T13:40:05.416+0000] {logging_mixin.py:190} INFO - Processing file: /opt/airflow/data/good_data/employee_data2_with_errors_chunk_10.csv
[2025-07-12T13:40:05.581+0000] {logging_mixin.py:190} INFO - Failed to predict for /opt/airflow/data/good_data/employee_data2_with_errors_chunk_10.csv. Status: 500, Response: {"detail":"Prediction error: could not convert string to float: 'Old'"}
[2025-07-12T13:40:05.582+0000] {logging_mixin.py:190} INFO - Processing file: /opt/airflow/data/good_data/employee_data2_with_errors_chunk_9.csv
[2025-07-12T13:40:05.753+0000] {logging_mixin.py:190} INFO - Failed to predict for /opt/airflow/data/good_data/employee_data2_with_errors_chunk_9.csv. Status: 500, Response: {"detail":"Prediction error: could not convert string to float: 'Young'"}
[2025-07-12T13:40:05.754+0000] {logging_mixin.py:190} INFO - Processing file: /opt/airflow/data/good_data/employee_data2_with_errors_chunk_15.csv
[2025-07-12T13:40:05.954+0000] {logging_mixin.py:190} INFO - Failed to predict for /opt/airflow/data/good_data/employee_data2_with_errors_chunk_15.csv. Status: 500, Response: {"detail":"Prediction error: could not convert string to float: 'Old'"}
[2025-07-12T13:40:05.955+0000] {crypto.py:82} WARNING - empty cryptography key - values will not be stored encrypted.
[2025-07-12T13:40:05.956+0000] {base.py:84} INFO - Retrieving connection 'processed_files_db'
[2025-07-12T13:40:05.964+0000] {logging_mixin.py:190} INFO - Saved processed files: ['employee_data2_with_errors_chunk_14.csv', 'employee_data2_with_errors_chunk_4.csv', 'employee_data2_with_errors_chunk_12.csv', 'employee_data2_with_errors_chunk_10.csv', 'employee_data2_with_errors_chunk_9.csv', 'employee_data2_with_errors_chunk_15.csv']
[2025-07-12T13:40:05.964+0000] {logging_mixin.py:190} INFO - Total Predictions made: 1
[2025-07-12T13:40:05.967+0000] {python.py:240} INFO - Done. Returned value was: Predictions made for 6 files
[2025-07-12T13:40:05.992+0000] {taskinstance.py:341} INFO - ::group::Post task execution logs
[2025-07-12T13:40:05.993+0000] {taskinstance.py:353} INFO - Marking task as SUCCESS. dag_id=employee_prediction_job, task_id=make_predictions, run_id=scheduled__2025-07-12T13:35:00+00:00, execution_date=20250712T133500, start_date=20250712T134003, end_date=20250712T134005
[2025-07-12T13:40:06.081+0000] {local_task_job_runner.py:266} INFO - Task exited with return code 0
[2025-07-12T13:40:06.376+0000] {taskinstance.py:3901} INFO - 0 downstream tasks scheduled from follow-on schedule check
[2025-07-12T13:40:06.378+0000] {local_task_job_runner.py:245} INFO - ::endgroup::
