[2025-07-12T14:00:01.252+0000] {local_task_job_runner.py:123} INFO - ::group::Pre task execution logs
[2025-07-12T14:00:01.265+0000] {taskinstance.py:2614} INFO - Dependencies all met for dep_context=non-requeueable deps ti=<TaskInstance: employee_prediction_job.check_for_new_data scheduled__2025-07-12T13:55:00+00:00 [queued]>
[2025-07-12T14:00:01.270+0000] {taskinstance.py:2614} INFO - Dependencies all met for dep_context=requeueable deps ti=<TaskInstance: employee_prediction_job.check_for_new_data scheduled__2025-07-12T13:55:00+00:00 [queued]>
[2025-07-12T14:00:01.271+0000] {taskinstance.py:2867} INFO - Starting attempt 1 of 1
[2025-07-12T14:00:01.281+0000] {taskinstance.py:2890} INFO - Executing <Task(PythonOperator): check_for_new_data> on 2025-07-12 13:55:00+00:00
[2025-07-12T14:00:01.288+0000] {warnings.py:112} WARNING - /home/airflow/.local/lib/python3.12/site-packages/airflow/task/task_runner/standard_task_runner.py:70: DeprecationWarning: This process (pid=1312) is multi-threaded, use of fork() may lead to deadlocks in the child.
  pid = os.fork()

[2025-07-12T14:00:01.289+0000] {standard_task_runner.py:72} INFO - Started process 1314 to run task
[2025-07-12T14:00:01.289+0000] {standard_task_runner.py:104} INFO - Running: ['airflow', 'tasks', 'run', 'employee_prediction_job', 'check_for_new_data', 'scheduled__2025-07-12T13:55:00+00:00', '--job-id', '284', '--raw', '--subdir', 'DAGS_FOLDER/prediction_job.py', '--cfg-path', '/tmp/tmpfkfa8jzx']
[2025-07-12T14:00:01.292+0000] {standard_task_runner.py:105} INFO - Job 284: Subtask check_for_new_data
[2025-07-12T14:00:01.339+0000] {task_command.py:467} INFO - Running <TaskInstance: employee_prediction_job.check_for_new_data scheduled__2025-07-12T13:55:00+00:00 [running]> on host f80ef267dd5d
[2025-07-12T14:00:01.570+0000] {taskinstance.py:3134} INFO - Exporting env vars: AIRFLOW_CTX_DAG_OWNER='airflow' AIRFLOW_CTX_DAG_ID='employee_prediction_job' AIRFLOW_CTX_TASK_ID='check_for_new_data' AIRFLOW_CTX_EXECUTION_DATE='2025-07-12T13:55:00+00:00' AIRFLOW_CTX_TRY_NUMBER='1' AIRFLOW_CTX_DAG_RUN_ID='scheduled__2025-07-12T13:55:00+00:00'
[2025-07-12T14:00:01.571+0000] {taskinstance.py:732} INFO - ::endgroup::
[2025-07-12T14:00:01.581+0000] {crypto.py:82} WARNING - empty cryptography key - values will not be stored encrypted.
[2025-07-12T14:00:01.581+0000] {base.py:84} INFO - Retrieving connection 'processed_files_db'
[2025-07-12T14:00:01.588+0000] {taskinstance.py:302} INFO - No new files to process.
[2025-07-12T14:00:01.612+0000] {taskinstance.py:341} INFO - ::group::Post task execution logs
[2025-07-12T14:00:01.612+0000] {taskinstance.py:353} INFO - Marking task as SKIPPED. dag_id=employee_prediction_job, task_id=check_for_new_data, run_id=scheduled__2025-07-12T13:55:00+00:00, execution_date=20250712T135500, start_date=20250712T140001, end_date=20250712T140001
[2025-07-12T14:00:01.663+0000] {local_task_job_runner.py:266} INFO - Task exited with return code 0
[2025-07-12T14:00:01.684+0000] {taskinstance.py:3901} INFO - 0 downstream tasks scheduled from follow-on schedule check
[2025-07-12T14:00:01.687+0000] {local_task_job_runner.py:245} INFO - ::endgroup::
