[2025-07-13T10:38:13.358+0000] {local_task_job_runner.py:123} INFO - ::group::Pre task execution logs
[2025-07-13T10:38:13.379+0000] {taskinstance.py:2614} INFO - Dependencies all met for dep_context=non-requeueable deps ti=<TaskInstance: employee_ingestion_dag.send_alerts manual__2025-07-13T10:38:08.919050+00:00 [queued]>
[2025-07-13T10:38:13.387+0000] {taskinstance.py:2614} INFO - Dependencies all met for dep_context=requeueable deps ti=<TaskInstance: employee_ingestion_dag.send_alerts manual__2025-07-13T10:38:08.919050+00:00 [queued]>
[2025-07-13T10:38:13.388+0000] {taskinstance.py:2867} INFO - Starting attempt 1 of 1
[2025-07-13T10:38:13.400+0000] {taskinstance.py:2890} INFO - Executing <Task(_PythonDecoratedOperator): send_alerts> on 2025-07-13 10:38:08.919050+00:00
[2025-07-13T10:38:13.407+0000] {warnings.py:112} WARNING - /home/airflow/.local/lib/python3.12/site-packages/airflow/task/task_runner/standard_task_runner.py:70: DeprecationWarning: This process (pid=144) is multi-threaded, use of fork() may lead to deadlocks in the child.
  pid = os.fork()

[2025-07-13T10:38:13.409+0000] {standard_task_runner.py:72} INFO - Started process 148 to run task
[2025-07-13T10:38:13.410+0000] {standard_task_runner.py:104} INFO - Running: ['airflow', 'tasks', 'run', 'employee_ingestion_dag', 'send_alerts', 'manual__2025-07-13T10:38:08.919050+00:00', '--job-id', '31', '--raw', '--subdir', 'DAGS_FOLDER/ingestion_pipeline.py', '--cfg-path', '/tmp/tmpj4e52bck']
[2025-07-13T10:38:13.411+0000] {standard_task_runner.py:105} INFO - Job 31: Subtask send_alerts
[2025-07-13T10:38:13.464+0000] {task_command.py:467} INFO - Running <TaskInstance: employee_ingestion_dag.send_alerts manual__2025-07-13T10:38:08.919050+00:00 [running]> on host c45a93548ada
[2025-07-13T10:38:13.564+0000] {taskinstance.py:3134} INFO - Exporting env vars: AIRFLOW_CTX_DAG_OWNER='airflow' AIRFLOW_CTX_DAG_ID='employee_ingestion_dag' AIRFLOW_CTX_TASK_ID='send_alerts' AIRFLOW_CTX_EXECUTION_DATE='2025-07-13T10:38:08.919050+00:00' AIRFLOW_CTX_TRY_NUMBER='1' AIRFLOW_CTX_DAG_RUN_ID='manual__2025-07-13T10:38:08.919050+00:00'
[2025-07-13T10:38:13.565+0000] {taskinstance.py:732} INFO - ::endgroup::
[2025-07-13T10:38:13.578+0000] {ingestion_pipeline.py:149} WARNING - TEAMS_WEBHOOK_URL not configured, skipping Teams alert
[2025-07-13T10:38:13.583+0000] {ingestion_pipeline.py:219} INFO - HTML report generated: /opt/airflow/great_expectations/uncommitted/data_docs/local_site/validations/validation_report_20250713_103813.html
[2025-07-13T10:38:13.583+0000] {ingestion_pipeline.py:258} INFO - Teams webhook not configured or using placeholder URL - alert not sent
[2025-07-13T10:38:13.583+0000] {ingestion_pipeline.py:261} INFO - 
            🚨 DATA VALIDATION ALERT 🚨
            File: employee_data2_with_errors_chunk_10.csv
            Total Rows: 2370
            Valid Rows: 2370
            Invalid Rows: 0
            Criticality: LOW
            Issues: No issues found
            Report: http://localhost:8080/static/validation_reports/validation_report_20250713_103813.html
            
[2025-07-13T10:38:13.584+0000] {python.py:240} INFO - Done. Returned value was: None
[2025-07-13T10:38:13.593+0000] {taskinstance.py:341} INFO - ::group::Post task execution logs
[2025-07-13T10:38:13.594+0000] {taskinstance.py:353} INFO - Marking task as SUCCESS. dag_id=employee_ingestion_dag, task_id=send_alerts, run_id=manual__2025-07-13T10:38:08.919050+00:00, execution_date=20250713T103808, start_date=20250713T103813, end_date=20250713T103813
[2025-07-13T10:38:13.664+0000] {local_task_job_runner.py:266} INFO - Task exited with return code 0
[2025-07-13T10:38:13.673+0000] {local_task_job_runner.py:245} INFO - ::endgroup::
