[2025-07-12T13:50:01.680+0000] {local_task_job_runner.py:123} INFO - ::group::Pre task execution logs
[2025-07-12T13:50:01.695+0000] {taskinstance.py:2614} INFO - Dependencies all met for dep_context=non-requeueable deps ti=<TaskInstance: employee_prediction_job.check_for_new_data scheduled__2025-07-12T13:45:00+00:00 [queued]>
[2025-07-12T13:50:01.702+0000] {taskinstance.py:2614} INFO - Dependencies all met for dep_context=requeueable deps ti=<TaskInstance: employee_prediction_job.check_for_new_data scheduled__2025-07-12T13:45:00+00:00 [queued]>
[2025-07-12T13:50:01.703+0000] {taskinstance.py:2867} INFO - Starting attempt 1 of 1
[2025-07-12T13:50:01.715+0000] {taskinstance.py:2890} INFO - Executing <Task(PythonOperator): check_for_new_data> on 2025-07-12 13:45:00+00:00
[2025-07-12T13:50:01.723+0000] {warnings.py:112} WARNING - /home/airflow/.local/lib/python3.12/site-packages/airflow/task/task_runner/standard_task_runner.py:70: DeprecationWarning: This process (pid=1197) is multi-threaded, use of fork() may lead to deadlocks in the child.
  pid = os.fork()

[2025-07-12T13:50:01.724+0000] {standard_task_runner.py:72} INFO - Started process 1202 to run task
[2025-07-12T13:50:01.724+0000] {standard_task_runner.py:104} INFO - Running: ['airflow', 'tasks', 'run', 'employee_prediction_job', 'check_for_new_data', 'scheduled__2025-07-12T13:45:00+00:00', '--job-id', '251', '--raw', '--subdir', 'DAGS_FOLDER/prediction_job.py', '--cfg-path', '/tmp/tmppyg5pzv2']
[2025-07-12T13:50:01.726+0000] {standard_task_runner.py:105} INFO - Job 251: Subtask check_for_new_data
[2025-07-12T13:50:01.782+0000] {task_command.py:467} INFO - Running <TaskInstance: employee_prediction_job.check_for_new_data scheduled__2025-07-12T13:45:00+00:00 [running]> on host f80ef267dd5d
[2025-07-12T13:50:02.017+0000] {taskinstance.py:3134} INFO - Exporting env vars: AIRFLOW_CTX_DAG_OWNER='airflow' AIRFLOW_CTX_DAG_ID='employee_prediction_job' AIRFLOW_CTX_TASK_ID='check_for_new_data' AIRFLOW_CTX_EXECUTION_DATE='2025-07-12T13:45:00+00:00' AIRFLOW_CTX_TRY_NUMBER='1' AIRFLOW_CTX_DAG_RUN_ID='scheduled__2025-07-12T13:45:00+00:00'
[2025-07-12T13:50:02.018+0000] {taskinstance.py:732} INFO - ::endgroup::
[2025-07-12T13:50:02.026+0000] {crypto.py:82} WARNING - empty cryptography key - values will not be stored encrypted.
[2025-07-12T13:50:02.027+0000] {base.py:84} INFO - Retrieving connection 'processed_files_db'
[2025-07-12T13:50:02.035+0000] {taskinstance.py:302} INFO - No new files to process.
[2025-07-12T13:50:02.069+0000] {taskinstance.py:341} INFO - ::group::Post task execution logs
[2025-07-12T13:50:02.069+0000] {taskinstance.py:353} INFO - Marking task as SKIPPED. dag_id=employee_prediction_job, task_id=check_for_new_data, run_id=scheduled__2025-07-12T13:45:00+00:00, execution_date=20250712T134500, start_date=20250712T135001, end_date=20250712T135002
[2025-07-12T13:50:02.139+0000] {local_task_job_runner.py:266} INFO - Task exited with return code 0
[2025-07-12T13:50:02.364+0000] {taskinstance.py:3901} INFO - 0 downstream tasks scheduled from follow-on schedule check
[2025-07-12T13:50:02.375+0000] {local_task_job_runner.py:245} INFO - ::endgroup::
