[2025-07-12T13:32:03.463+0000] {local_task_job_runner.py:123} INFO - ::group::Pre task execution logs
[2025-07-12T13:32:03.479+0000] {taskinstance.py:2614} INFO - Dependencies all met for dep_context=non-requeueable deps ti=<TaskInstance: employee_ingestion_dag.send_alerts scheduled__2025-07-12T13:31:00+00:00 [queued]>
[2025-07-12T13:32:03.486+0000] {taskinstance.py:2614} INFO - Dependencies all met for dep_context=requeueable deps ti=<TaskInstance: employee_ingestion_dag.send_alerts scheduled__2025-07-12T13:31:00+00:00 [queued]>
[2025-07-12T13:32:03.487+0000] {taskinstance.py:2867} INFO - Starting attempt 1 of 1
[2025-07-12T13:32:03.496+0000] {taskinstance.py:2890} INFO - Executing <Task(_PythonDecoratedOperator): send_alerts> on 2025-07-12 13:31:00+00:00
[2025-07-12T13:32:03.502+0000] {warnings.py:112} WARNING - /home/airflow/.local/lib/python3.12/site-packages/airflow/task/task_runner/standard_task_runner.py:70: DeprecationWarning: This process (pid=857) is multi-threaded, use of fork() may lead to deadlocks in the child.
  pid = os.fork()

[2025-07-12T13:32:03.503+0000] {standard_task_runner.py:72} INFO - Started process 860 to run task
[2025-07-12T13:32:03.504+0000] {standard_task_runner.py:104} INFO - Running: ['airflow', 'tasks', 'run', 'employee_ingestion_dag', 'send_alerts', 'scheduled__2025-07-12T13:31:00+00:00', '--job-id', '170', '--raw', '--subdir', 'DAGS_FOLDER/ingestion_pipeline.py', '--cfg-path', '/tmp/tmpopadhjb6']
[2025-07-12T13:32:03.505+0000] {standard_task_runner.py:105} INFO - Job 170: Subtask send_alerts
[2025-07-12T13:32:03.551+0000] {task_command.py:467} INFO - Running <TaskInstance: employee_ingestion_dag.send_alerts scheduled__2025-07-12T13:31:00+00:00 [running]> on host f80ef267dd5d
[2025-07-12T13:32:03.628+0000] {taskinstance.py:3134} INFO - Exporting env vars: AIRFLOW_CTX_DAG_OWNER='airflow' AIRFLOW_CTX_DAG_ID='employee_ingestion_dag' AIRFLOW_CTX_TASK_ID='send_alerts' AIRFLOW_CTX_EXECUTION_DATE='2025-07-12T13:31:00+00:00' AIRFLOW_CTX_TRY_NUMBER='1' AIRFLOW_CTX_DAG_RUN_ID='scheduled__2025-07-12T13:31:00+00:00'
[2025-07-12T13:32:03.631+0000] {taskinstance.py:732} INFO - ::endgroup::
[2025-07-12T13:32:08.547+0000] {ingestion_pipeline.py:146} WARNING - TEAMS_WEBHOOK_URL not configured, skipping Teams alert
[2025-07-12T13:32:08.564+0000] {ingestion_pipeline.py:163} WARNING - Failed to build data docs: [Errno 13] Permission denied: '/opt/airflow/gx/plugins/custom_data_docs/styles/data_docs_custom_styles.css'
[2025-07-12T13:32:08.564+0000] {ingestion_pipeline.py:198} INFO - 
            🚨 DATA VALIDATION ALERT 🚨
            File: employee_data2_with_errors_chunk_16.csv
            Total Rows: 2955
            Valid Rows: 2403
            Invalid Rows: 552
            Criticality: MEDIUM
            Issues: Age: 274 missing values; Gender: 305 missing values
            Report: http://localhost:8085/
            
[2025-07-12T13:32:08.565+0000] {python.py:240} INFO - Done. Returned value was: None
[2025-07-12T13:32:08.572+0000] {taskinstance.py:341} INFO - ::group::Post task execution logs
[2025-07-12T13:32:08.573+0000] {taskinstance.py:353} INFO - Marking task as SUCCESS. dag_id=employee_ingestion_dag, task_id=send_alerts, run_id=scheduled__2025-07-12T13:31:00+00:00, execution_date=20250712T133100, start_date=20250712T133203, end_date=20250712T133208
[2025-07-12T13:32:08.667+0000] {local_task_job_runner.py:266} INFO - Task exited with return code 0
[2025-07-12T13:32:08.684+0000] {taskinstance.py:3901} INFO - 0 downstream tasks scheduled from follow-on schedule check
[2025-07-12T13:32:08.686+0000] {local_task_job_runner.py:245} INFO - ::endgroup::
