[2025-07-13T10:53:26.958+0000] {local_task_job_runner.py:123} INFO - ::group::Pre task execution logs
[2025-07-13T10:53:26.981+0000] {taskinstance.py:2614} INFO - Dependencies all met for dep_context=non-requeueable deps ti=<TaskInstance: employee_ingestion_dag.split_and_save_data scheduled__2025-07-13T10:52:00+00:00 [queued]>
[2025-07-13T10:53:26.991+0000] {taskinstance.py:2614} INFO - Dependencies all met for dep_context=requeueable deps ti=<TaskInstance: employee_ingestion_dag.split_and_save_data scheduled__2025-07-13T10:52:00+00:00 [queued]>
[2025-07-13T10:53:26.991+0000] {taskinstance.py:2867} INFO - Starting attempt 1 of 1
[2025-07-13T10:53:27.003+0000] {taskinstance.py:2890} INFO - Executing <Task(_PythonDecoratedOperator): split_and_save_data> on 2025-07-13 10:52:00+00:00
[2025-07-13T10:53:27.011+0000] {warnings.py:112} WARNING - /home/airflow/.local/lib/python3.12/site-packages/airflow/task/task_runner/standard_task_runner.py:70: DeprecationWarning: This process (pid=69) is multi-threaded, use of fork() may lead to deadlocks in the child.
  pid = os.fork()

[2025-07-13T10:53:27.013+0000] {standard_task_runner.py:72} INFO - Started process 73 to run task
[2025-07-13T10:53:27.014+0000] {standard_task_runner.py:104} INFO - Running: ['airflow', 'tasks', 'run', 'employee_ingestion_dag', 'split_and_save_data', 'scheduled__2025-07-13T10:52:00+00:00', '--job-id', '114', '--raw', '--subdir', 'DAGS_FOLDER/ingestion_pipeline.py', '--cfg-path', '/tmp/tmp08nbfa0b']
[2025-07-13T10:53:27.015+0000] {standard_task_runner.py:105} INFO - Job 114: Subtask split_and_save_data
[2025-07-13T10:53:27.080+0000] {task_command.py:467} INFO - Running <TaskInstance: employee_ingestion_dag.split_and_save_data scheduled__2025-07-13T10:52:00+00:00 [running]> on host 1f767f70b1bf
[2025-07-13T10:53:27.173+0000] {taskinstance.py:3134} INFO - Exporting env vars: AIRFLOW_CTX_DAG_OWNER='airflow' AIRFLOW_CTX_DAG_ID='employee_ingestion_dag' AIRFLOW_CTX_TASK_ID='split_and_save_data' AIRFLOW_CTX_EXECUTION_DATE='2025-07-13T10:52:00+00:00' AIRFLOW_CTX_TRY_NUMBER='1' AIRFLOW_CTX_DAG_RUN_ID='scheduled__2025-07-13T10:52:00+00:00'
[2025-07-13T10:53:27.175+0000] {taskinstance.py:732} INFO - ::endgroup::
[2025-07-13T10:53:27.703+0000] {logging_mixin.py:190} INFO - Processing file: employee_data2_with_errors_chunk_19.csv
[2025-07-13T10:53:27.704+0000] {logging_mixin.py:190} INFO - Total rows: 2349, Invalid rows: 0
[2025-07-13T10:53:27.723+0000] {logging_mixin.py:190} INFO - File moved to good_data: /opt/airflow/data/good_data/employee_data2_with_errors_chunk_19.csv
[2025-07-13T10:53:27.725+0000] {logging_mixin.py:190} INFO - Original file removed: /opt/airflow/data/raw_data/employee_data2_with_errors_chunk_19.csv
[2025-07-13T10:53:27.725+0000] {python.py:240} INFO - Done. Returned value was: None
[2025-07-13T10:53:27.739+0000] {taskinstance.py:341} INFO - ::group::Post task execution logs
[2025-07-13T10:53:27.740+0000] {taskinstance.py:353} INFO - Marking task as SUCCESS. dag_id=employee_ingestion_dag, task_id=split_and_save_data, run_id=scheduled__2025-07-13T10:52:00+00:00, execution_date=20250713T105200, start_date=20250713T105326, end_date=20250713T105327
[2025-07-13T10:53:27.830+0000] {local_task_job_runner.py:266} INFO - Task exited with return code 0
[2025-07-13T10:53:27.846+0000] {taskinstance.py:3901} INFO - 0 downstream tasks scheduled from follow-on schedule check
[2025-07-13T10:53:27.848+0000] {local_task_job_runner.py:245} INFO - ::endgroup::
