[2025-07-12T13:35:03.734+0000] {local_task_job_runner.py:123} INFO - ::group::Pre task execution logs
[2025-07-12T13:35:03.754+0000] {taskinstance.py:2614} INFO - Dependencies all met for dep_context=non-requeueable deps ti=<TaskInstance: employee_ingestion_dag.save_statistics scheduled__2025-07-12T13:34:00+00:00 [queued]>
[2025-07-12T13:35:03.764+0000] {taskinstance.py:2614} INFO - Dependencies all met for dep_context=requeueable deps ti=<TaskInstance: employee_ingestion_dag.save_statistics scheduled__2025-07-12T13:34:00+00:00 [queued]>
[2025-07-12T13:35:03.764+0000] {taskinstance.py:2867} INFO - Starting attempt 1 of 1
[2025-07-12T13:35:03.776+0000] {taskinstance.py:2890} INFO - Executing <Task(_PythonDecoratedOperator): save_statistics> on 2025-07-12 13:34:00+00:00
[2025-07-12T13:35:03.782+0000] {warnings.py:112} WARNING - /home/airflow/.local/lib/python3.12/site-packages/airflow/task/task_runner/standard_task_runner.py:70: DeprecationWarning: This process (pid=965) is multi-threaded, use of fork() may lead to deadlocks in the child.
  pid = os.fork()

[2025-07-12T13:35:03.784+0000] {standard_task_runner.py:72} INFO - Started process 969 to run task
[2025-07-12T13:35:03.784+0000] {standard_task_runner.py:104} INFO - Running: ['airflow', 'tasks', 'run', 'employee_ingestion_dag', 'save_statistics', 'scheduled__2025-07-12T13:34:00+00:00', '--job-id', '188', '--raw', '--subdir', 'DAGS_FOLDER/ingestion_pipeline.py', '--cfg-path', '/tmp/tmpb_z0apg_']
[2025-07-12T13:35:03.785+0000] {standard_task_runner.py:105} INFO - Job 188: Subtask save_statistics
[2025-07-12T13:35:03.848+0000] {task_command.py:467} INFO - Running <TaskInstance: employee_ingestion_dag.save_statistics scheduled__2025-07-12T13:34:00+00:00 [running]> on host f80ef267dd5d
[2025-07-12T13:35:03.950+0000] {taskinstance.py:3134} INFO - Exporting env vars: AIRFLOW_CTX_DAG_OWNER='airflow' AIRFLOW_CTX_DAG_ID='employee_ingestion_dag' AIRFLOW_CTX_TASK_ID='save_statistics' AIRFLOW_CTX_EXECUTION_DATE='2025-07-12T13:34:00+00:00' AIRFLOW_CTX_TRY_NUMBER='1' AIRFLOW_CTX_DAG_RUN_ID='scheduled__2025-07-12T13:34:00+00:00'
[2025-07-12T13:35:03.952+0000] {taskinstance.py:732} INFO - ::endgroup::
[2025-07-12T13:35:03.971+0000] {crypto.py:82} WARNING - empty cryptography key - values will not be stored encrypted.
[2025-07-12T13:35:03.972+0000] {base.py:84} INFO - Retrieving connection 'processed_files_db'
[2025-07-12T13:35:03.980+0000] {logging_mixin.py:190} INFO - Statistics saved successfully for /opt/airflow/data/raw_data/employee_data2_with_errors_chunk_14.csv
[2025-07-12T13:35:03.981+0000] {python.py:240} INFO - Done. Returned value was: None
[2025-07-12T13:35:03.996+0000] {taskinstance.py:341} INFO - ::group::Post task execution logs
[2025-07-12T13:35:03.997+0000] {taskinstance.py:353} INFO - Marking task as SUCCESS. dag_id=employee_ingestion_dag, task_id=save_statistics, run_id=scheduled__2025-07-12T13:34:00+00:00, execution_date=20250712T133400, start_date=20250712T133503, end_date=20250712T133503
[2025-07-12T13:35:04.038+0000] {local_task_job_runner.py:266} INFO - Task exited with return code 0
[2025-07-12T13:35:04.057+0000] {taskinstance.py:3901} INFO - 0 downstream tasks scheduled from follow-on schedule check
[2025-07-12T13:35:04.059+0000] {local_task_job_runner.py:245} INFO - ::endgroup::
