[2025-07-11T16:01:23.344+0000] {local_task_job_runner.py:123} INFO - ::group::Pre task execution logs
[2025-07-11T16:01:23.365+0000] {taskinstance.py:2614} INFO - Dependencies all met for dep_context=non-requeueable deps ti=<TaskInstance: employee_prediction_job.check_for_new_data scheduled__2025-07-11T15:55:00+00:00 [queued]>
[2025-07-11T16:01:23.374+0000] {taskinstance.py:2614} INFO - Dependencies all met for dep_context=requeueable deps ti=<TaskInstance: employee_prediction_job.check_for_new_data scheduled__2025-07-11T15:55:00+00:00 [queued]>
[2025-07-11T16:01:23.375+0000] {taskinstance.py:2867} INFO - Starting attempt 1 of 1
[2025-07-11T16:01:23.386+0000] {taskinstance.py:2890} INFO - Executing <Task(PythonOperator): check_for_new_data> on 2025-07-11 15:55:00+00:00
[2025-07-11T16:01:23.393+0000] {warnings.py:112} WARNING - /home/airflow/.local/lib/python3.12/site-packages/airflow/task/task_runner/standard_task_runner.py:70: DeprecationWarning: This process (pid=710) is multi-threaded, use of fork() may lead to deadlocks in the child.
  pid = os.fork()

[2025-07-11T16:01:23.395+0000] {standard_task_runner.py:72} INFO - Started process 712 to run task
[2025-07-11T16:01:23.396+0000] {standard_task_runner.py:104} INFO - Running: ['airflow', 'tasks', 'run', 'employee_prediction_job', 'check_for_new_data', 'scheduled__2025-07-11T15:55:00+00:00', '--job-id', '103', '--raw', '--subdir', 'DAGS_FOLDER/prediction_job.py', '--cfg-path', '/tmp/tmpxxdb0i5q']
[2025-07-11T16:01:23.399+0000] {standard_task_runner.py:105} INFO - Job 103: Subtask check_for_new_data
[2025-07-11T16:01:23.462+0000] {task_command.py:467} INFO - Running <TaskInstance: employee_prediction_job.check_for_new_data scheduled__2025-07-11T15:55:00+00:00 [running]> on host 5a07e0ddeb4c
[2025-07-11T16:01:23.895+0000] {taskinstance.py:3134} INFO - Exporting env vars: AIRFLOW_CTX_DAG_OWNER='airflow' AIRFLOW_CTX_DAG_ID='employee_prediction_job' AIRFLOW_CTX_TASK_ID='check_for_new_data' AIRFLOW_CTX_EXECUTION_DATE='2025-07-11T15:55:00+00:00' AIRFLOW_CTX_TRY_NUMBER='1' AIRFLOW_CTX_DAG_RUN_ID='scheduled__2025-07-11T15:55:00+00:00'
[2025-07-11T16:01:23.901+0000] {taskinstance.py:732} INFO - ::endgroup::
[2025-07-11T16:01:23.932+0000] {crypto.py:82} WARNING - empty cryptography key - values will not be stored encrypted.
[2025-07-11T16:01:23.933+0000] {base.py:84} INFO - Retrieving connection 'processed_files_db'
[2025-07-11T16:01:23.946+0000] {logging_mixin.py:190} INFO - Found new files: ['employee_data_with_errors_chunk_5.csv', 'employee_data_with_errors_chunk_2.csv', 'employee_data_with_errors_chunk_4.csv', 'employee_data2_with_errors_chunk_20.csv']
[2025-07-11T16:01:23.946+0000] {python.py:240} INFO - Done. Returned value was: ['employee_data_with_errors_chunk_5.csv', 'employee_data_with_errors_chunk_2.csv', 'employee_data_with_errors_chunk_4.csv', 'employee_data2_with_errors_chunk_20.csv']
[2025-07-11T16:01:23.982+0000] {taskinstance.py:341} INFO - ::group::Post task execution logs
[2025-07-11T16:01:23.983+0000] {taskinstance.py:353} INFO - Marking task as SUCCESS. dag_id=employee_prediction_job, task_id=check_for_new_data, run_id=scheduled__2025-07-11T15:55:00+00:00, execution_date=20250711T155500, start_date=20250711T160123, end_date=20250711T160123
[2025-07-11T16:01:24.051+0000] {local_task_job_runner.py:266} INFO - Task exited with return code 0
[2025-07-11T16:01:24.253+0000] {taskinstance.py:3901} INFO - 1 downstream tasks scheduled from follow-on schedule check
[2025-07-11T16:01:24.255+0000] {local_task_job_runner.py:245} INFO - ::endgroup::
