[2025-07-13T11:40:01.232+0000] {local_task_job_runner.py:123} INFO - ::group::Pre task execution logs
[2025-07-13T11:40:01.247+0000] {taskinstance.py:2614} INFO - Dependencies all met for dep_context=non-requeueable deps ti=<TaskInstance: employee_prediction_job.check_for_new_data scheduled__2025-07-13T11:35:00+00:00 [queued]>
[2025-07-13T11:40:01.254+0000] {taskinstance.py:2614} INFO - Dependencies all met for dep_context=requeueable deps ti=<TaskInstance: employee_prediction_job.check_for_new_data scheduled__2025-07-13T11:35:00+00:00 [queued]>
[2025-07-13T11:40:01.255+0000] {taskinstance.py:2867} INFO - Starting attempt 1 of 1
[2025-07-13T11:40:01.267+0000] {taskinstance.py:2890} INFO - Executing <Task(PythonOperator): check_for_new_data> on 2025-07-13 11:35:00+00:00
[2025-07-13T11:40:01.276+0000] {warnings.py:112} WARNING - /home/airflow/.local/lib/python3.12/site-packages/airflow/task/task_runner/standard_task_runner.py:70: DeprecationWarning: This process (pid=294) is multi-threaded, use of fork() may lead to deadlocks in the child.
  pid = os.fork()

[2025-07-13T11:40:01.277+0000] {standard_task_runner.py:72} INFO - Started process 298 to run task
[2025-07-13T11:40:01.277+0000] {standard_task_runner.py:104} INFO - Running: ['airflow', 'tasks', 'run', 'employee_prediction_job', 'check_for_new_data', 'scheduled__2025-07-13T11:35:00+00:00', '--job-id', '234', '--raw', '--subdir', 'DAGS_FOLDER/prediction_job.py', '--cfg-path', '/tmp/tmpgq35mzia']
[2025-07-13T11:40:01.279+0000] {standard_task_runner.py:105} INFO - Job 234: Subtask check_for_new_data
[2025-07-13T11:40:01.336+0000] {task_command.py:467} INFO - Running <TaskInstance: employee_prediction_job.check_for_new_data scheduled__2025-07-13T11:35:00+00:00 [running]> on host a0a54bfbbb9e
[2025-07-13T11:40:01.590+0000] {taskinstance.py:3134} INFO - Exporting env vars: AIRFLOW_CTX_DAG_OWNER='airflow' AIRFLOW_CTX_DAG_ID='employee_prediction_job' AIRFLOW_CTX_TASK_ID='check_for_new_data' AIRFLOW_CTX_EXECUTION_DATE='2025-07-13T11:35:00+00:00' AIRFLOW_CTX_TRY_NUMBER='1' AIRFLOW_CTX_DAG_RUN_ID='scheduled__2025-07-13T11:35:00+00:00'
[2025-07-13T11:40:01.592+0000] {taskinstance.py:732} INFO - ::endgroup::
[2025-07-13T11:40:01.604+0000] {crypto.py:82} WARNING - empty cryptography key - values will not be stored encrypted.
[2025-07-13T11:40:01.605+0000] {base.py:84} INFO - Retrieving connection 'processed_files_db'
[2025-07-13T11:40:01.612+0000] {taskinstance.py:302} INFO - No new files to process.
[2025-07-13T11:40:01.641+0000] {taskinstance.py:341} INFO - ::group::Post task execution logs
[2025-07-13T11:40:01.642+0000] {taskinstance.py:353} INFO - Marking task as SKIPPED. dag_id=employee_prediction_job, task_id=check_for_new_data, run_id=scheduled__2025-07-13T11:35:00+00:00, execution_date=20250713T113500, start_date=20250713T114001, end_date=20250713T114001
[2025-07-13T11:40:01.692+0000] {local_task_job_runner.py:266} INFO - Task exited with return code 0
[2025-07-13T11:40:01.701+0000] {local_task_job_runner.py:245} INFO - ::endgroup::
