[2025-07-13T16:05:09.798+0000] {local_task_job_runner.py:123} INFO - ::group::Pre task execution logs
[2025-07-13T16:05:09.814+0000] {taskinstance.py:2614} INFO - Dependencies all met for dep_context=non-requeueable deps ti=<TaskInstance: employee_prediction_job.check_for_new_data manual__2025-07-13T16:05:07.879299+00:00 [queued]>
[2025-07-13T16:05:09.820+0000] {taskinstance.py:2614} INFO - Dependencies all met for dep_context=requeueable deps ti=<TaskInstance: employee_prediction_job.check_for_new_data manual__2025-07-13T16:05:07.879299+00:00 [queued]>
[2025-07-13T16:05:09.820+0000] {taskinstance.py:2867} INFO - Starting attempt 1 of 1
[2025-07-13T16:05:09.830+0000] {taskinstance.py:2890} INFO - Executing <Task(PythonOperator): check_for_new_data> on 2025-07-13 16:05:07.879299+00:00
[2025-07-13T16:05:09.839+0000] {warnings.py:112} WARNING - /home/airflow/.local/lib/python3.12/site-packages/airflow/task/task_runner/standard_task_runner.py:70: DeprecationWarning: This process (pid=620) is multi-threaded, use of fork() may lead to deadlocks in the child.
  pid = os.fork()

[2025-07-13T16:05:09.841+0000] {standard_task_runner.py:72} INFO - Started process 622 to run task
[2025-07-13T16:05:09.842+0000] {standard_task_runner.py:104} INFO - Running: ['airflow', 'tasks', 'run', 'employee_prediction_job', 'check_for_new_data', 'manual__2025-07-13T16:05:07.879299+00:00', '--job-id', '333', '--raw', '--subdir', 'DAGS_FOLDER/prediction_job.py', '--cfg-path', '/tmp/tmp03m9dtba']
[2025-07-13T16:05:09.844+0000] {standard_task_runner.py:105} INFO - Job 333: Subtask check_for_new_data
[2025-07-13T16:05:09.926+0000] {task_command.py:467} INFO - Running <TaskInstance: employee_prediction_job.check_for_new_data manual__2025-07-13T16:05:07.879299+00:00 [running]> on host a0a54bfbbb9e
[2025-07-13T16:05:10.220+0000] {taskinstance.py:3134} INFO - Exporting env vars: AIRFLOW_CTX_DAG_OWNER='airflow' AIRFLOW_CTX_DAG_ID='employee_prediction_job' AIRFLOW_CTX_TASK_ID='check_for_new_data' AIRFLOW_CTX_EXECUTION_DATE='2025-07-13T16:05:07.879299+00:00' AIRFLOW_CTX_TRY_NUMBER='1' AIRFLOW_CTX_DAG_RUN_ID='manual__2025-07-13T16:05:07.879299+00:00'
[2025-07-13T16:05:10.221+0000] {taskinstance.py:732} INFO - ::endgroup::
[2025-07-13T16:05:10.231+0000] {crypto.py:82} WARNING - empty cryptography key - values will not be stored encrypted.
[2025-07-13T16:05:10.231+0000] {base.py:84} INFO - Retrieving connection 'processed_files_db'
[2025-07-13T16:05:10.238+0000] {taskinstance.py:302} INFO - No new files to process.
[2025-07-13T16:05:10.266+0000] {taskinstance.py:341} INFO - ::group::Post task execution logs
[2025-07-13T16:05:10.266+0000] {taskinstance.py:353} INFO - Marking task as SKIPPED. dag_id=employee_prediction_job, task_id=check_for_new_data, run_id=manual__2025-07-13T16:05:07.879299+00:00, execution_date=20250713T160507, start_date=20250713T160509, end_date=20250713T160510
[2025-07-13T16:05:10.338+0000] {local_task_job_runner.py:266} INFO - Task exited with return code 0
[2025-07-13T16:05:10.548+0000] {taskinstance.py:3901} INFO - 0 downstream tasks scheduled from follow-on schedule check
[2025-07-13T16:05:10.552+0000] {local_task_job_runner.py:245} INFO - ::endgroup::
