[2025-07-13T10:45:04.399+0000] {local_task_job_runner.py:123} INFO - ::group::Pre task execution logs
[2025-07-13T10:45:04.417+0000] {taskinstance.py:2614} INFO - Dependencies all met for dep_context=non-requeueable deps ti=<TaskInstance: employee_ingestion_dag.send_alerts scheduled__2025-07-13T10:44:00+00:00 [queued]>
[2025-07-13T10:45:04.427+0000] {taskinstance.py:2614} INFO - Dependencies all met for dep_context=requeueable deps ti=<TaskInstance: employee_ingestion_dag.send_alerts scheduled__2025-07-13T10:44:00+00:00 [queued]>
[2025-07-13T10:45:04.428+0000] {taskinstance.py:2867} INFO - Starting attempt 1 of 1
[2025-07-13T10:45:04.440+0000] {taskinstance.py:2890} INFO - Executing <Task(_PythonDecoratedOperator): send_alerts> on 2025-07-13 10:44:00+00:00
[2025-07-13T10:45:04.448+0000] {warnings.py:112} WARNING - /home/airflow/.local/lib/python3.12/site-packages/airflow/task/task_runner/standard_task_runner.py:70: DeprecationWarning: This process (pid=291) is multi-threaded, use of fork() may lead to deadlocks in the child.
  pid = os.fork()

[2025-07-13T10:45:04.449+0000] {standard_task_runner.py:72} INFO - Started process 293 to run task
[2025-07-13T10:45:04.450+0000] {standard_task_runner.py:104} INFO - Running: ['airflow', 'tasks', 'run', 'employee_ingestion_dag', 'send_alerts', 'scheduled__2025-07-13T10:44:00+00:00', '--job-id', '72', '--raw', '--subdir', 'DAGS_FOLDER/ingestion_pipeline.py', '--cfg-path', '/tmp/tmptdt6p60i']
[2025-07-13T10:45:04.451+0000] {standard_task_runner.py:105} INFO - Job 72: Subtask send_alerts
[2025-07-13T10:45:04.505+0000] {task_command.py:467} INFO - Running <TaskInstance: employee_ingestion_dag.send_alerts scheduled__2025-07-13T10:44:00+00:00 [running]> on host c45a93548ada
[2025-07-13T10:45:04.579+0000] {taskinstance.py:3134} INFO - Exporting env vars: AIRFLOW_CTX_DAG_OWNER='airflow' AIRFLOW_CTX_DAG_ID='employee_ingestion_dag' AIRFLOW_CTX_TASK_ID='send_alerts' AIRFLOW_CTX_EXECUTION_DATE='2025-07-13T10:44:00+00:00' AIRFLOW_CTX_TRY_NUMBER='1' AIRFLOW_CTX_DAG_RUN_ID='scheduled__2025-07-13T10:44:00+00:00'
[2025-07-13T10:45:04.580+0000] {taskinstance.py:732} INFO - ::endgroup::
[2025-07-13T10:45:04.594+0000] {ingestion_pipeline.py:219} INFO - HTML report generated: /opt/airflow/great_expectations/uncommitted/data_docs/local_site/validations/validation_report_20250713_104504.html
[2025-07-13T10:45:06.209+0000] {ingestion_pipeline.py:254} INFO - Teams alert sent successfully
[2025-07-13T10:45:06.210+0000] {ingestion_pipeline.py:261} INFO - 
            🚨 DATA VALIDATION ALERT 🚨
            File: employee_data2_with_errors_chunk_8.csv
            Total Rows: 2407
            Valid Rows: 2407
            Invalid Rows: 0
            Criticality: LOW
            Issues: No issues found
            Report: http://localhost:8080/static/validation_reports/validation_report_20250713_104504.html
            
[2025-07-13T10:45:06.210+0000] {python.py:240} INFO - Done. Returned value was: None
[2025-07-13T10:45:06.219+0000] {taskinstance.py:341} INFO - ::group::Post task execution logs
[2025-07-13T10:45:06.220+0000] {taskinstance.py:353} INFO - Marking task as SUCCESS. dag_id=employee_ingestion_dag, task_id=send_alerts, run_id=scheduled__2025-07-13T10:44:00+00:00, execution_date=20250713T104400, start_date=20250713T104504, end_date=20250713T104506
[2025-07-13T10:45:06.270+0000] {local_task_job_runner.py:266} INFO - Task exited with return code 0
[2025-07-13T10:45:06.285+0000] {taskinstance.py:3901} INFO - 0 downstream tasks scheduled from follow-on schedule check
[2025-07-13T10:45:06.286+0000] {local_task_job_runner.py:245} INFO - ::endgroup::
