[2025-07-12T13:37:11.156+0000] {local_task_job_runner.py:123} INFO - ::group::Pre task execution logs
[2025-07-12T13:37:11.172+0000] {taskinstance.py:2614} INFO - Dependencies all met for dep_context=non-requeueable deps ti=<TaskInstance: employee_ingestion_dag.save_statistics manual__2025-07-12T13:37:03+00:00 [queued]>
[2025-07-12T13:37:11.179+0000] {taskinstance.py:2614} INFO - Dependencies all met for dep_context=requeueable deps ti=<TaskInstance: employee_ingestion_dag.save_statistics manual__2025-07-12T13:37:03+00:00 [queued]>
[2025-07-12T13:37:11.180+0000] {taskinstance.py:2867} INFO - Starting attempt 1 of 1
[2025-07-12T13:37:11.188+0000] {taskinstance.py:2890} INFO - Executing <Task(_PythonDecoratedOperator): save_statistics> on 2025-07-12 13:37:03+00:00
[2025-07-12T13:37:11.194+0000] {warnings.py:112} WARNING - /home/airflow/.local/lib/python3.12/site-packages/airflow/task/task_runner/standard_task_runner.py:70: DeprecationWarning: This process (pid=1032) is multi-threaded, use of fork() may lead to deadlocks in the child.
  pid = os.fork()

[2025-07-12T13:37:11.195+0000] {standard_task_runner.py:72} INFO - Started process 1034 to run task
[2025-07-12T13:37:11.196+0000] {standard_task_runner.py:104} INFO - Running: ['airflow', 'tasks', 'run', 'employee_ingestion_dag', 'save_statistics', 'manual__2025-07-12T13:37:03+00:00', '--job-id', '202', '--raw', '--subdir', 'DAGS_FOLDER/ingestion_pipeline.py', '--cfg-path', '/tmp/tmp46xv3mus']
[2025-07-12T13:37:11.197+0000] {standard_task_runner.py:105} INFO - Job 202: Subtask save_statistics
[2025-07-12T13:37:11.240+0000] {task_command.py:467} INFO - Running <TaskInstance: employee_ingestion_dag.save_statistics manual__2025-07-12T13:37:03+00:00 [running]> on host f80ef267dd5d
[2025-07-12T13:37:11.320+0000] {taskinstance.py:3134} INFO - Exporting env vars: AIRFLOW_CTX_DAG_OWNER='airflow' AIRFLOW_CTX_DAG_ID='employee_ingestion_dag' AIRFLOW_CTX_TASK_ID='save_statistics' AIRFLOW_CTX_EXECUTION_DATE='2025-07-12T13:37:03+00:00' AIRFLOW_CTX_TRY_NUMBER='1' AIRFLOW_CTX_DAG_RUN_ID='manual__2025-07-12T13:37:03+00:00'
[2025-07-12T13:37:11.321+0000] {taskinstance.py:732} INFO - ::endgroup::
[2025-07-12T13:37:11.334+0000] {crypto.py:82} WARNING - empty cryptography key - values will not be stored encrypted.
[2025-07-12T13:37:11.334+0000] {base.py:84} INFO - Retrieving connection 'processed_files_db'
[2025-07-12T13:37:11.341+0000] {logging_mixin.py:190} INFO - Statistics saved successfully for /opt/airflow/data/raw_data/employee_data2_with_errors_chunk_15.csv
[2025-07-12T13:37:11.342+0000] {python.py:240} INFO - Done. Returned value was: None
[2025-07-12T13:37:11.351+0000] {taskinstance.py:341} INFO - ::group::Post task execution logs
[2025-07-12T13:37:11.351+0000] {taskinstance.py:353} INFO - Marking task as SUCCESS. dag_id=employee_ingestion_dag, task_id=save_statistics, run_id=manual__2025-07-12T13:37:03+00:00, execution_date=20250712T133703, start_date=20250712T133711, end_date=20250712T133711
[2025-07-12T13:37:11.410+0000] {local_task_job_runner.py:266} INFO - Task exited with return code 0
[2025-07-12T13:37:11.422+0000] {taskinstance.py:3901} INFO - 0 downstream tasks scheduled from follow-on schedule check
[2025-07-12T13:37:11.424+0000] {local_task_job_runner.py:245} INFO - ::endgroup::
