[2025-07-12T13:35:03.730+0000] {local_task_job_runner.py:123} INFO - ::group::Pre task execution logs
[2025-07-12T13:35:03.750+0000] {taskinstance.py:2614} INFO - Dependencies all met for dep_context=non-requeueable deps ti=<TaskInstance: employee_ingestion_dag.send_alerts scheduled__2025-07-12T13:34:00+00:00 [queued]>
[2025-07-12T13:35:03.759+0000] {taskinstance.py:2614} INFO - Dependencies all met for dep_context=requeueable deps ti=<TaskInstance: employee_ingestion_dag.send_alerts scheduled__2025-07-12T13:34:00+00:00 [queued]>
[2025-07-12T13:35:03.760+0000] {taskinstance.py:2867} INFO - Starting attempt 1 of 1
[2025-07-12T13:35:03.772+0000] {taskinstance.py:2890} INFO - Executing <Task(_PythonDecoratedOperator): send_alerts> on 2025-07-12 13:34:00+00:00
[2025-07-12T13:35:03.781+0000] {warnings.py:112} WARNING - /home/airflow/.local/lib/python3.12/site-packages/airflow/task/task_runner/standard_task_runner.py:70: DeprecationWarning: This process (pid=964) is multi-threaded, use of fork() may lead to deadlocks in the child.
  pid = os.fork()

[2025-07-12T13:35:03.783+0000] {standard_task_runner.py:72} INFO - Started process 968 to run task
[2025-07-12T13:35:03.784+0000] {standard_task_runner.py:104} INFO - Running: ['airflow', 'tasks', 'run', 'employee_ingestion_dag', 'send_alerts', 'scheduled__2025-07-12T13:34:00+00:00', '--job-id', '187', '--raw', '--subdir', 'DAGS_FOLDER/ingestion_pipeline.py', '--cfg-path', '/tmp/tmptkk8nebl']
[2025-07-12T13:35:03.785+0000] {standard_task_runner.py:105} INFO - Job 187: Subtask send_alerts
[2025-07-12T13:35:03.848+0000] {task_command.py:467} INFO - Running <TaskInstance: employee_ingestion_dag.send_alerts scheduled__2025-07-12T13:34:00+00:00 [running]> on host f80ef267dd5d
[2025-07-12T13:35:03.951+0000] {taskinstance.py:3134} INFO - Exporting env vars: AIRFLOW_CTX_DAG_OWNER='airflow' AIRFLOW_CTX_DAG_ID='employee_ingestion_dag' AIRFLOW_CTX_TASK_ID='send_alerts' AIRFLOW_CTX_EXECUTION_DATE='2025-07-12T13:34:00+00:00' AIRFLOW_CTX_TRY_NUMBER='1' AIRFLOW_CTX_DAG_RUN_ID='scheduled__2025-07-12T13:34:00+00:00'
[2025-07-12T13:35:03.952+0000] {taskinstance.py:732} INFO - ::endgroup::
[2025-07-12T13:35:06.761+0000] {ingestion_pipeline.py:163} WARNING - Failed to build data docs: [Errno 13] Permission denied: '/opt/airflow/gx/plugins/custom_data_docs/styles/data_docs_custom_styles.css'
[2025-07-12T13:35:07.639+0000] {ingestion_pipeline.py:193} INFO - Teams alert sent successfully
[2025-07-12T13:35:07.640+0000] {ingestion_pipeline.py:198} INFO - 
            🚨 DATA VALIDATION ALERT 🚨
            File: employee_data2_with_errors_chunk_14.csv
            Total Rows: 2955
            Valid Rows: 2413
            Invalid Rows: 542
            Criticality: MEDIUM
            Issues: Age: 291 missing values; Gender: 282 missing values
            Report: http://localhost:8085/
            
[2025-07-12T13:35:07.641+0000] {python.py:240} INFO - Done. Returned value was: None
[2025-07-12T13:35:07.653+0000] {taskinstance.py:341} INFO - ::group::Post task execution logs
[2025-07-12T13:35:07.654+0000] {taskinstance.py:353} INFO - Marking task as SUCCESS. dag_id=employee_ingestion_dag, task_id=send_alerts, run_id=scheduled__2025-07-12T13:34:00+00:00, execution_date=20250712T133400, start_date=20250712T133503, end_date=20250712T133507
[2025-07-12T13:35:07.774+0000] {local_task_job_runner.py:266} INFO - Task exited with return code 0
[2025-07-12T13:35:07.795+0000] {taskinstance.py:3901} INFO - 0 downstream tasks scheduled from follow-on schedule check
[2025-07-12T13:35:07.798+0000] {local_task_job_runner.py:245} INFO - ::endgroup::
