[2025-07-13T11:28:03.398+0000] {local_task_job_runner.py:123} INFO - ::group::Pre task execution logs
[2025-07-13T11:28:03.424+0000] {taskinstance.py:2614} INFO - Dependencies all met for dep_context=non-requeueable deps ti=<TaskInstance: employee_ingestion_dag.send_alerts scheduled__2025-07-13T11:27:00+00:00 [queued]>
[2025-07-13T11:28:03.434+0000] {taskinstance.py:2614} INFO - Dependencies all met for dep_context=requeueable deps ti=<TaskInstance: employee_ingestion_dag.send_alerts scheduled__2025-07-13T11:27:00+00:00 [queued]>
[2025-07-13T11:28:03.434+0000] {taskinstance.py:2867} INFO - Starting attempt 1 of 1
[2025-07-13T11:28:03.446+0000] {taskinstance.py:2890} INFO - Executing <Task(_PythonDecoratedOperator): send_alerts> on 2025-07-13 11:27:00+00:00
[2025-07-13T11:28:03.456+0000] {warnings.py:112} WARNING - /home/airflow/.local/lib/python3.12/site-packages/airflow/task/task_runner/standard_task_runner.py:70: DeprecationWarning: This process (pid=212) is multi-threaded, use of fork() may lead to deadlocks in the child.
  pid = os.fork()

[2025-07-13T11:28:03.458+0000] {standard_task_runner.py:104} INFO - Running: ['airflow', 'tasks', 'run', 'employee_ingestion_dag', 'send_alerts', 'scheduled__2025-07-13T11:27:00+00:00', '--job-id', '210', '--raw', '--subdir', 'DAGS_FOLDER/ingestion_pipeline.py', '--cfg-path', '/tmp/tmpjv86euyz']
[2025-07-13T11:28:03.458+0000] {standard_task_runner.py:72} INFO - Started process 218 to run task
[2025-07-13T11:28:03.459+0000] {standard_task_runner.py:105} INFO - Job 210: Subtask send_alerts
[2025-07-13T11:28:03.530+0000] {task_command.py:467} INFO - Running <TaskInstance: employee_ingestion_dag.send_alerts scheduled__2025-07-13T11:27:00+00:00 [running]> on host a0a54bfbbb9e
[2025-07-13T11:28:03.638+0000] {taskinstance.py:3134} INFO - Exporting env vars: AIRFLOW_CTX_DAG_OWNER='airflow' AIRFLOW_CTX_DAG_ID='employee_ingestion_dag' AIRFLOW_CTX_TASK_ID='send_alerts' AIRFLOW_CTX_EXECUTION_DATE='2025-07-13T11:27:00+00:00' AIRFLOW_CTX_TRY_NUMBER='1' AIRFLOW_CTX_DAG_RUN_ID='scheduled__2025-07-13T11:27:00+00:00'
[2025-07-13T11:28:03.639+0000] {taskinstance.py:732} INFO - ::endgroup::
[2025-07-13T11:28:03.655+0000] {ingestion_pipeline.py:219} INFO - HTML report generated: /opt/airflow/great_expectations/uncommitted/data_docs/local_site/validations/validation_report_20250713_112803.html
[2025-07-13T11:28:05.246+0000] {ingestion_pipeline.py:254} INFO - Teams alert sent successfully
[2025-07-13T11:28:05.247+0000] {ingestion_pipeline.py:261} INFO - 
            🚨 DATA VALIDATION ALERT 🚨
            File: demo_file.csv
            Total Rows: 500
            Valid Rows: 449
            Invalid Rows: 51
            Criticality: MEDIUM
            Issues: Age: 51 missing values
            Report: http://localhost:8080/static/validation_reports/validation_report_20250713_112803.html
            
[2025-07-13T11:28:05.248+0000] {python.py:240} INFO - Done. Returned value was: None
[2025-07-13T11:28:05.262+0000] {taskinstance.py:341} INFO - ::group::Post task execution logs
[2025-07-13T11:28:05.263+0000] {taskinstance.py:353} INFO - Marking task as SUCCESS. dag_id=employee_ingestion_dag, task_id=send_alerts, run_id=scheduled__2025-07-13T11:27:00+00:00, execution_date=20250713T112700, start_date=20250713T112803, end_date=20250713T112805
[2025-07-13T11:28:05.320+0000] {local_task_job_runner.py:266} INFO - Task exited with return code 0
[2025-07-13T11:28:05.342+0000] {taskinstance.py:3901} INFO - 0 downstream tasks scheduled from follow-on schedule check
[2025-07-13T11:28:05.344+0000] {local_task_job_runner.py:245} INFO - ::endgroup::
