[2025-07-12T13:13:14.881+0000] {local_task_job_runner.py:123} INFO - ::group::Pre task execution logs
[2025-07-12T13:13:14.902+0000] {taskinstance.py:2614} INFO - Dependencies all met for dep_context=non-requeueable deps ti=<TaskInstance: employee_prediction_job.make_predictions manual__2025-07-12T13:05:48+00:00 [queued]>
[2025-07-12T13:13:14.911+0000] {taskinstance.py:2614} INFO - Dependencies all met for dep_context=requeueable deps ti=<TaskInstance: employee_prediction_job.make_predictions manual__2025-07-12T13:05:48+00:00 [queued]>
[2025-07-12T13:13:14.911+0000] {taskinstance.py:2867} INFO - Starting attempt 1 of 1
[2025-07-12T13:13:14.923+0000] {taskinstance.py:2890} INFO - Executing <Task(PythonOperator): make_predictions> on 2025-07-12 13:05:48+00:00
[2025-07-12T13:13:14.931+0000] {warnings.py:112} WARNING - /home/airflow/.local/lib/python3.12/site-packages/airflow/task/task_runner/standard_task_runner.py:70: DeprecationWarning: This process (pid=104) is multi-threaded, use of fork() may lead to deadlocks in the child.
  pid = os.fork()

[2025-07-12T13:13:14.935+0000] {standard_task_runner.py:72} INFO - Started process 117 to run task
[2025-07-12T13:13:14.933+0000] {standard_task_runner.py:104} INFO - Running: ['airflow', 'tasks', 'run', 'employee_prediction_job', 'make_predictions', 'manual__2025-07-12T13:05:48+00:00', '--job-id', '64', '--raw', '--subdir', 'DAGS_FOLDER/prediction_job.py', '--cfg-path', '/tmp/tmpzzqkjhpc']
[2025-07-12T13:13:14.936+0000] {standard_task_runner.py:105} INFO - Job 64: Subtask make_predictions
[2025-07-12T13:13:15.211+0000] {task_command.py:467} INFO - Running <TaskInstance: employee_prediction_job.make_predictions manual__2025-07-12T13:05:48+00:00 [running]> on host f80ef267dd5d
[2025-07-12T13:13:15.278+0000] {taskinstance.py:3134} INFO - Exporting env vars: AIRFLOW_CTX_DAG_OWNER='airflow' AIRFLOW_CTX_DAG_ID='employee_prediction_job' AIRFLOW_CTX_TASK_ID='make_predictions' AIRFLOW_CTX_EXECUTION_DATE='2025-07-12T13:05:48+00:00' AIRFLOW_CTX_TRY_NUMBER='1' AIRFLOW_CTX_DAG_RUN_ID='manual__2025-07-12T13:05:48+00:00'
[2025-07-12T13:13:15.279+0000] {taskinstance.py:732} INFO - ::endgroup::
[2025-07-12T13:13:15.300+0000] {logging_mixin.py:190} INFO - Processing file: /opt/airflow/data/good_data/employee_data_with_errors_chunk_4.csv
[2025-07-12T13:13:15.311+0000] {logging_mixin.py:190} INFO - Unexpected error processing file /opt/airflow/data/good_data/employee_data_with_errors_chunk_4.csv: Out of range float values are not JSON compliant: nan
[2025-07-12T13:13:15.312+0000] {logging_mixin.py:190} INFO - Processing file: /opt/airflow/data/good_data/employee_data_with_errors_chunk_2.csv
[2025-07-12T13:13:15.318+0000] {logging_mixin.py:190} INFO - Unexpected error processing file /opt/airflow/data/good_data/employee_data_with_errors_chunk_2.csv: Out of range float values are not JSON compliant: nan
[2025-07-12T13:13:15.319+0000] {logging_mixin.py:190} INFO - Processing file: /opt/airflow/data/good_data/employee_data2_with_errors_chunk_20.csv
[2025-07-12T13:13:16.924+0000] {logging_mixin.py:190} INFO - Predictions for /opt/airflow/data/good_data/employee_data2_with_errors_chunk_20.csv completed successfully.
[2025-07-12T13:13:16.926+0000] {logging_mixin.py:190} INFO - Processing file: /opt/airflow/data/good_data/test_airflow.csv
[2025-07-12T13:13:17.086+0000] {logging_mixin.py:190} INFO - Predictions for /opt/airflow/data/good_data/test_airflow.csv completed successfully.
[2025-07-12T13:13:17.087+0000] {logging_mixin.py:190} INFO - Processing file: /opt/airflow/data/good_data/employee_data_with_errors_chunk_5.csv
[2025-07-12T13:13:17.095+0000] {logging_mixin.py:190} INFO - Unexpected error processing file /opt/airflow/data/good_data/employee_data_with_errors_chunk_5.csv: Out of range float values are not JSON compliant: nan
[2025-07-12T13:13:17.097+0000] {crypto.py:82} WARNING - empty cryptography key - values will not be stored encrypted.
[2025-07-12T13:13:17.097+0000] {base.py:84} INFO - Retrieving connection 'processed_files_db'
[2025-07-12T13:13:17.105+0000] {logging_mixin.py:190} INFO - Saved processed files: ['employee_data_with_errors_chunk_4.csv', 'employee_data_with_errors_chunk_2.csv', 'employee_data2_with_errors_chunk_20.csv', 'test_airflow.csv', 'employee_data_with_errors_chunk_5.csv']
[2025-07-12T13:13:17.105+0000] {logging_mixin.py:190} INFO - Total Predictions made: 2
[2025-07-12T13:13:17.106+0000] {python.py:240} INFO - Done. Returned value was: Predictions made for 5 files
[2025-07-12T13:13:17.132+0000] {taskinstance.py:341} INFO - ::group::Post task execution logs
[2025-07-12T13:13:17.132+0000] {taskinstance.py:353} INFO - Marking task as SUCCESS. dag_id=employee_prediction_job, task_id=make_predictions, run_id=manual__2025-07-12T13:05:48+00:00, execution_date=20250712T130548, start_date=20250712T131314, end_date=20250712T131317
[2025-07-12T13:13:17.195+0000] {local_task_job_runner.py:266} INFO - Task exited with return code 0
[2025-07-12T13:13:17.213+0000] {taskinstance.py:3901} INFO - 0 downstream tasks scheduled from follow-on schedule check
[2025-07-12T13:13:17.215+0000] {local_task_job_runner.py:245} INFO - ::endgroup::
