[2025-07-12T13:41:04.127+0000] {local_task_job_runner.py:123} INFO - ::group::Pre task execution logs
[2025-07-12T13:41:04.147+0000] {taskinstance.py:2614} INFO - Dependencies all met for dep_context=non-requeueable deps ti=<TaskInstance: employee_ingestion_dag.split_and_save_data scheduled__2025-07-12T13:40:00+00:00 [queued]>
[2025-07-12T13:41:04.156+0000] {taskinstance.py:2614} INFO - Dependencies all met for dep_context=requeueable deps ti=<TaskInstance: employee_ingestion_dag.split_and_save_data scheduled__2025-07-12T13:40:00+00:00 [queued]>
[2025-07-12T13:41:04.157+0000] {taskinstance.py:2867} INFO - Starting attempt 1 of 1
[2025-07-12T13:41:04.169+0000] {taskinstance.py:2890} INFO - Executing <Task(_PythonDecoratedOperator): split_and_save_data> on 2025-07-12 13:40:00+00:00
[2025-07-12T13:41:04.176+0000] {warnings.py:112} WARNING - /home/airflow/.local/lib/python3.12/site-packages/airflow/task/task_runner/standard_task_runner.py:70: DeprecationWarning: This process (pid=1108) is multi-threaded, use of fork() may lead to deadlocks in the child.
  pid = os.fork()

[2025-07-12T13:41:04.178+0000] {standard_task_runner.py:72} INFO - Started process 1111 to run task
[2025-07-12T13:41:04.179+0000] {standard_task_runner.py:104} INFO - Running: ['airflow', 'tasks', 'run', 'employee_ingestion_dag', 'split_and_save_data', 'scheduled__2025-07-12T13:40:00+00:00', '--job-id', '224', '--raw', '--subdir', 'DAGS_FOLDER/ingestion_pipeline.py', '--cfg-path', '/tmp/tmph0v3_p5r']
[2025-07-12T13:41:04.180+0000] {standard_task_runner.py:105} INFO - Job 224: Subtask split_and_save_data
[2025-07-12T13:41:04.239+0000] {task_command.py:467} INFO - Running <TaskInstance: employee_ingestion_dag.split_and_save_data scheduled__2025-07-12T13:40:00+00:00 [running]> on host f80ef267dd5d
[2025-07-12T13:41:04.330+0000] {taskinstance.py:3134} INFO - Exporting env vars: AIRFLOW_CTX_DAG_OWNER='airflow' AIRFLOW_CTX_DAG_ID='employee_ingestion_dag' AIRFLOW_CTX_TASK_ID='split_and_save_data' AIRFLOW_CTX_EXECUTION_DATE='2025-07-12T13:40:00+00:00' AIRFLOW_CTX_TRY_NUMBER='1' AIRFLOW_CTX_DAG_RUN_ID='scheduled__2025-07-12T13:40:00+00:00'
[2025-07-12T13:41:04.331+0000] {taskinstance.py:732} INFO - ::endgroup::
[2025-07-12T13:41:04.799+0000] {logging_mixin.py:190} INFO - Processing file: employee_data2_with_errors_chunk_5.csv
[2025-07-12T13:41:04.800+0000] {logging_mixin.py:190} INFO - Total rows: 2955, Invalid rows: 549
[2025-07-12T13:41:04.827+0000] {logging_mixin.py:190} INFO - File split - Good rows: /opt/airflow/data/good_data/employee_data2_with_errors_chunk_5.csv, Bad rows: /opt/airflow/data/bad_data/employee_data2_with_errors_chunk_5.csv
[2025-07-12T13:41:04.829+0000] {logging_mixin.py:190} INFO - Original file removed: /opt/airflow/data/raw_data/employee_data2_with_errors_chunk_5.csv
[2025-07-12T13:41:04.830+0000] {python.py:240} INFO - Done. Returned value was: None
[2025-07-12T13:41:04.842+0000] {taskinstance.py:341} INFO - ::group::Post task execution logs
[2025-07-12T13:41:04.843+0000] {taskinstance.py:353} INFO - Marking task as SUCCESS. dag_id=employee_ingestion_dag, task_id=split_and_save_data, run_id=scheduled__2025-07-12T13:40:00+00:00, execution_date=20250712T134000, start_date=20250712T134104, end_date=20250712T134104
[2025-07-12T13:41:04.914+0000] {local_task_job_runner.py:266} INFO - Task exited with return code 0
[2025-07-12T13:41:04.931+0000] {taskinstance.py:3901} INFO - 0 downstream tasks scheduled from follow-on schedule check
[2025-07-12T13:41:04.933+0000] {local_task_job_runner.py:245} INFO - ::endgroup::
