[2025-07-12T13:35:02.830+0000] {local_task_job_runner.py:123} INFO - ::group::Pre task execution logs
[2025-07-12T13:35:02.855+0000] {taskinstance.py:2614} INFO - Dependencies all met for dep_context=non-requeueable deps ti=<TaskInstance: employee_prediction_job.make_predictions scheduled__2025-07-12T13:30:00+00:00 [queued]>
[2025-07-12T13:35:02.863+0000] {taskinstance.py:2614} INFO - Dependencies all met for dep_context=requeueable deps ti=<TaskInstance: employee_prediction_job.make_predictions scheduled__2025-07-12T13:30:00+00:00 [queued]>
[2025-07-12T13:35:02.864+0000] {taskinstance.py:2867} INFO - Starting attempt 1 of 1
[2025-07-12T13:35:02.878+0000] {taskinstance.py:2890} INFO - Executing <Task(PythonOperator): make_predictions> on 2025-07-12 13:30:00+00:00
[2025-07-12T13:35:02.886+0000] {warnings.py:112} WARNING - /home/airflow/.local/lib/python3.12/site-packages/airflow/task/task_runner/standard_task_runner.py:70: DeprecationWarning: This process (pid=957) is multi-threaded, use of fork() may lead to deadlocks in the child.
  pid = os.fork()

[2025-07-12T13:35:02.888+0000] {standard_task_runner.py:72} INFO - Started process 962 to run task
[2025-07-12T13:35:02.889+0000] {standard_task_runner.py:104} INFO - Running: ['airflow', 'tasks', 'run', 'employee_prediction_job', 'make_predictions', 'scheduled__2025-07-12T13:30:00+00:00', '--job-id', '185', '--raw', '--subdir', 'DAGS_FOLDER/prediction_job.py', '--cfg-path', '/tmp/tmphkrm4ghn']
[2025-07-12T13:35:02.891+0000] {standard_task_runner.py:105} INFO - Job 185: Subtask make_predictions
[2025-07-12T13:35:03.133+0000] {task_command.py:467} INFO - Running <TaskInstance: employee_prediction_job.make_predictions scheduled__2025-07-12T13:30:00+00:00 [running]> on host f80ef267dd5d
[2025-07-12T13:35:03.208+0000] {taskinstance.py:3134} INFO - Exporting env vars: AIRFLOW_CTX_DAG_OWNER='airflow' AIRFLOW_CTX_DAG_ID='employee_prediction_job' AIRFLOW_CTX_TASK_ID='make_predictions' AIRFLOW_CTX_EXECUTION_DATE='2025-07-12T13:30:00+00:00' AIRFLOW_CTX_TRY_NUMBER='1' AIRFLOW_CTX_DAG_RUN_ID='scheduled__2025-07-12T13:30:00+00:00'
[2025-07-12T13:35:03.210+0000] {taskinstance.py:732} INFO - ::endgroup::
[2025-07-12T13:35:03.230+0000] {logging_mixin.py:190} INFO - Processing file: /opt/airflow/data/good_data/employee_data2_with_errors_chunk_8.csv
[2025-07-12T13:35:04.152+0000] {logging_mixin.py:190} INFO - Predictions for /opt/airflow/data/good_data/employee_data2_with_errors_chunk_8.csv completed successfully.
[2025-07-12T13:35:04.153+0000] {logging_mixin.py:190} INFO - Processing file: /opt/airflow/data/good_data/employee_data2_with_errors_chunk_3.csv
[2025-07-12T13:35:04.372+0000] {logging_mixin.py:190} INFO - Failed to predict for /opt/airflow/data/good_data/employee_data2_with_errors_chunk_3.csv. Status: 500, Response: {"detail":"Prediction error: could not convert string to float: 'Teen'"}
[2025-07-12T13:35:04.372+0000] {logging_mixin.py:190} INFO - Processing file: /opt/airflow/data/good_data/employee_data2_with_errors_chunk_18.csv
[2025-07-12T13:35:04.454+0000] {logging_mixin.py:190} INFO - Failed to predict for /opt/airflow/data/good_data/employee_data2_with_errors_chunk_18.csv. Status: 500, Response: {"detail":"Prediction error: could not convert string to float: 'Teen'"}
[2025-07-12T13:35:04.454+0000] {logging_mixin.py:190} INFO - Processing file: /opt/airflow/data/good_data/employee_data2_with_errors_chunk_16.csv
[2025-07-12T13:35:05.333+0000] {logging_mixin.py:190} INFO - Predictions for /opt/airflow/data/good_data/employee_data2_with_errors_chunk_16.csv completed successfully.
[2025-07-12T13:35:05.335+0000] {crypto.py:82} WARNING - empty cryptography key - values will not be stored encrypted.
[2025-07-12T13:35:05.336+0000] {base.py:84} INFO - Retrieving connection 'processed_files_db'
[2025-07-12T13:35:05.344+0000] {logging_mixin.py:190} INFO - Saved processed files: ['employee_data2_with_errors_chunk_8.csv', 'employee_data2_with_errors_chunk_3.csv', 'employee_data2_with_errors_chunk_18.csv', 'employee_data2_with_errors_chunk_16.csv']
[2025-07-12T13:35:05.345+0000] {logging_mixin.py:190} INFO - Total Predictions made: 2
[2025-07-12T13:35:05.348+0000] {python.py:240} INFO - Done. Returned value was: Predictions made for 4 files
[2025-07-12T13:35:05.373+0000] {taskinstance.py:341} INFO - ::group::Post task execution logs
[2025-07-12T13:35:05.374+0000] {taskinstance.py:353} INFO - Marking task as SUCCESS. dag_id=employee_prediction_job, task_id=make_predictions, run_id=scheduled__2025-07-12T13:30:00+00:00, execution_date=20250712T133000, start_date=20250712T133502, end_date=20250712T133505
[2025-07-12T13:35:05.469+0000] {local_task_job_runner.py:266} INFO - Task exited with return code 0
[2025-07-12T13:35:05.707+0000] {taskinstance.py:3901} INFO - 0 downstream tasks scheduled from follow-on schedule check
[2025-07-12T13:35:05.709+0000] {local_task_job_runner.py:245} INFO - ::endgroup::
