[2025-07-12T13:53:09.603+0000] {local_task_job_runner.py:123} INFO - ::group::Pre task execution logs
[2025-07-12T13:53:09.624+0000] {taskinstance.py:2614} INFO - Dependencies all met for dep_context=non-requeueable deps ti=<TaskInstance: employee_ingestion_dag.save_statistics manual__2025-07-12T13:53:00.718238+00:00 [queued]>
[2025-07-12T13:53:09.633+0000] {taskinstance.py:2614} INFO - Dependencies all met for dep_context=requeueable deps ti=<TaskInstance: employee_ingestion_dag.save_statistics manual__2025-07-12T13:53:00.718238+00:00 [queued]>
[2025-07-12T13:53:09.633+0000] {taskinstance.py:2867} INFO - Starting attempt 1 of 1
[2025-07-12T13:53:09.646+0000] {taskinstance.py:2890} INFO - Executing <Task(_PythonDecoratedOperator): save_statistics> on 2025-07-12 13:53:00.718238+00:00
[2025-07-12T13:53:09.652+0000] {warnings.py:112} WARNING - /home/airflow/.local/lib/python3.12/site-packages/airflow/task/task_runner/standard_task_runner.py:70: DeprecationWarning: This process (pid=1240) is multi-threaded, use of fork() may lead to deadlocks in the child.
  pid = os.fork()

[2025-07-12T13:53:09.653+0000] {standard_task_runner.py:72} INFO - Started process 1243 to run task
[2025-07-12T13:53:09.654+0000] {standard_task_runner.py:104} INFO - Running: ['airflow', 'tasks', 'run', 'employee_ingestion_dag', 'save_statistics', 'manual__2025-07-12T13:53:00.718238+00:00', '--job-id', '263', '--raw', '--subdir', 'DAGS_FOLDER/ingestion_pipeline.py', '--cfg-path', '/tmp/tmpt1m507eh']
[2025-07-12T13:53:09.655+0000] {standard_task_runner.py:105} INFO - Job 263: Subtask save_statistics
[2025-07-12T13:53:09.709+0000] {task_command.py:467} INFO - Running <TaskInstance: employee_ingestion_dag.save_statistics manual__2025-07-12T13:53:00.718238+00:00 [running]> on host f80ef267dd5d
[2025-07-12T13:53:09.795+0000] {taskinstance.py:3134} INFO - Exporting env vars: AIRFLOW_CTX_DAG_OWNER='airflow' AIRFLOW_CTX_DAG_ID='employee_ingestion_dag' AIRFLOW_CTX_TASK_ID='save_statistics' AIRFLOW_CTX_EXECUTION_DATE='2025-07-12T13:53:00.718238+00:00' AIRFLOW_CTX_TRY_NUMBER='1' AIRFLOW_CTX_DAG_RUN_ID='manual__2025-07-12T13:53:00.718238+00:00'
[2025-07-12T13:53:09.798+0000] {taskinstance.py:732} INFO - ::endgroup::
[2025-07-12T13:53:09.812+0000] {crypto.py:82} WARNING - empty cryptography key - values will not be stored encrypted.
[2025-07-12T13:53:09.812+0000] {base.py:84} INFO - Retrieving connection 'processed_files_db'
[2025-07-12T13:53:09.819+0000] {logging_mixin.py:190} INFO - Statistics saved successfully for /opt/airflow/data/raw_data/employee_data_with_errors_chunk_1.csv
[2025-07-12T13:53:09.820+0000] {python.py:240} INFO - Done. Returned value was: None
[2025-07-12T13:53:09.830+0000] {taskinstance.py:341} INFO - ::group::Post task execution logs
[2025-07-12T13:53:09.831+0000] {taskinstance.py:353} INFO - Marking task as SUCCESS. dag_id=employee_ingestion_dag, task_id=save_statistics, run_id=manual__2025-07-12T13:53:00.718238+00:00, execution_date=20250712T135300, start_date=20250712T135309, end_date=20250712T135309
[2025-07-12T13:53:09.869+0000] {local_task_job_runner.py:266} INFO - Task exited with return code 0
[2025-07-12T13:53:09.883+0000] {taskinstance.py:3901} INFO - 0 downstream tasks scheduled from follow-on schedule check
[2025-07-12T13:53:09.885+0000] {local_task_job_runner.py:245} INFO - ::endgroup::
