[2025-07-13T10:37:04.199+0000] {local_task_job_runner.py:123} INFO - ::group::Pre task execution logs
[2025-07-13T10:37:04.220+0000] {taskinstance.py:2614} INFO - Dependencies all met for dep_context=non-requeueable deps ti=<TaskInstance: employee_ingestion_dag.split_and_save_data scheduled__2025-07-13T10:36:00+00:00 [queued]>
[2025-07-13T10:37:04.230+0000] {taskinstance.py:2614} INFO - Dependencies all met for dep_context=requeueable deps ti=<TaskInstance: employee_ingestion_dag.split_and_save_data scheduled__2025-07-13T10:36:00+00:00 [queued]>
[2025-07-13T10:37:04.233+0000] {taskinstance.py:2867} INFO - Starting attempt 1 of 1
[2025-07-13T10:37:04.245+0000] {taskinstance.py:2890} INFO - Executing <Task(_PythonDecoratedOperator): split_and_save_data> on 2025-07-13 10:36:00+00:00
[2025-07-13T10:37:04.255+0000] {warnings.py:112} WARNING - /home/airflow/.local/lib/python3.12/site-packages/airflow/task/task_runner/standard_task_runner.py:70: DeprecationWarning: This process (pid=112) is multi-threaded, use of fork() may lead to deadlocks in the child.
  pid = os.fork()

[2025-07-13T10:37:04.256+0000] {standard_task_runner.py:72} INFO - Started process 117 to run task
[2025-07-13T10:37:04.256+0000] {standard_task_runner.py:104} INFO - Running: ['airflow', 'tasks', 'run', 'employee_ingestion_dag', 'split_and_save_data', 'scheduled__2025-07-13T10:36:00+00:00', '--job-id', '22', '--raw', '--subdir', 'DAGS_FOLDER/ingestion_pipeline.py', '--cfg-path', '/tmp/tmp92owoyzk']
[2025-07-13T10:37:04.257+0000] {standard_task_runner.py:105} INFO - Job 22: Subtask split_and_save_data
[2025-07-13T10:37:04.320+0000] {task_command.py:467} INFO - Running <TaskInstance: employee_ingestion_dag.split_and_save_data scheduled__2025-07-13T10:36:00+00:00 [running]> on host c45a93548ada
[2025-07-13T10:37:04.412+0000] {taskinstance.py:3134} INFO - Exporting env vars: AIRFLOW_CTX_DAG_OWNER='airflow' AIRFLOW_CTX_DAG_ID='employee_ingestion_dag' AIRFLOW_CTX_TASK_ID='split_and_save_data' AIRFLOW_CTX_EXECUTION_DATE='2025-07-13T10:36:00+00:00' AIRFLOW_CTX_TRY_NUMBER='1' AIRFLOW_CTX_DAG_RUN_ID='scheduled__2025-07-13T10:36:00+00:00'
[2025-07-13T10:37:04.414+0000] {taskinstance.py:732} INFO - ::endgroup::
[2025-07-13T10:37:04.913+0000] {logging_mixin.py:190} INFO - Processing file: test_airflow.csv
[2025-07-13T10:37:04.914+0000] {logging_mixin.py:190} INFO - Total rows: 1, Invalid rows: 0
[2025-07-13T10:37:04.918+0000] {logging_mixin.py:190} INFO - File moved to good_data: /opt/airflow/data/good_data/test_airflow.csv
[2025-07-13T10:37:04.920+0000] {logging_mixin.py:190} INFO - Original file removed: /opt/airflow/data/raw_data/test_airflow.csv
[2025-07-13T10:37:04.920+0000] {python.py:240} INFO - Done. Returned value was: None
[2025-07-13T10:37:04.933+0000] {taskinstance.py:341} INFO - ::group::Post task execution logs
[2025-07-13T10:37:04.934+0000] {taskinstance.py:353} INFO - Marking task as SUCCESS. dag_id=employee_ingestion_dag, task_id=split_and_save_data, run_id=scheduled__2025-07-13T10:36:00+00:00, execution_date=20250713T103600, start_date=20250713T103704, end_date=20250713T103704
[2025-07-13T10:37:04.993+0000] {local_task_job_runner.py:266} INFO - Task exited with return code 0
[2025-07-13T10:37:05.009+0000] {taskinstance.py:3901} INFO - 0 downstream tasks scheduled from follow-on schedule check
[2025-07-13T10:37:05.012+0000] {local_task_job_runner.py:245} INFO - ::endgroup::
