[2025-07-12T13:45:03.065+0000] {local_task_job_runner.py:123} INFO - ::group::Pre task execution logs
[2025-07-12T13:45:03.080+0000] {taskinstance.py:2614} INFO - Dependencies all met for dep_context=non-requeueable deps ti=<TaskInstance: employee_prediction_job.make_predictions scheduled__2025-07-12T13:40:00+00:00 [queued]>
[2025-07-12T13:45:03.085+0000] {taskinstance.py:2614} INFO - Dependencies all met for dep_context=requeueable deps ti=<TaskInstance: employee_prediction_job.make_predictions scheduled__2025-07-12T13:40:00+00:00 [queued]>
[2025-07-12T13:45:03.086+0000] {taskinstance.py:2867} INFO - Starting attempt 1 of 1
[2025-07-12T13:45:03.094+0000] {taskinstance.py:2890} INFO - Executing <Task(PythonOperator): make_predictions> on 2025-07-12 13:40:00+00:00
[2025-07-12T13:45:03.100+0000] {warnings.py:112} WARNING - /home/airflow/.local/lib/python3.12/site-packages/airflow/task/task_runner/standard_task_runner.py:70: DeprecationWarning: This process (pid=1178) is multi-threaded, use of fork() may lead to deadlocks in the child.
  pid = os.fork()

[2025-07-12T13:45:03.101+0000] {standard_task_runner.py:72} INFO - Started process 1180 to run task
[2025-07-12T13:45:03.102+0000] {standard_task_runner.py:104} INFO - Running: ['airflow', 'tasks', 'run', 'employee_prediction_job', 'make_predictions', 'scheduled__2025-07-12T13:40:00+00:00', '--job-id', '244', '--raw', '--subdir', 'DAGS_FOLDER/prediction_job.py', '--cfg-path', '/tmp/tmpxmibhguj']
[2025-07-12T13:45:03.104+0000] {standard_task_runner.py:105} INFO - Job 244: Subtask make_predictions
[2025-07-12T13:45:03.152+0000] {task_command.py:467} INFO - Running <TaskInstance: employee_prediction_job.make_predictions scheduled__2025-07-12T13:40:00+00:00 [running]> on host f80ef267dd5d
[2025-07-12T13:45:03.359+0000] {taskinstance.py:3134} INFO - Exporting env vars: AIRFLOW_CTX_DAG_OWNER='airflow' AIRFLOW_CTX_DAG_ID='employee_prediction_job' AIRFLOW_CTX_TASK_ID='make_predictions' AIRFLOW_CTX_EXECUTION_DATE='2025-07-12T13:40:00+00:00' AIRFLOW_CTX_TRY_NUMBER='1' AIRFLOW_CTX_DAG_RUN_ID='scheduled__2025-07-12T13:40:00+00:00'
[2025-07-12T13:45:03.360+0000] {taskinstance.py:732} INFO - ::endgroup::
[2025-07-12T13:45:03.374+0000] {logging_mixin.py:190} INFO - Processing file: /opt/airflow/data/good_data/employee_data2_with_errors_chunk_11.csv
[2025-07-12T13:45:03.572+0000] {logging_mixin.py:190} INFO - Failed to predict for /opt/airflow/data/good_data/employee_data2_with_errors_chunk_11.csv. Status: 500, Response: {"detail":"Prediction error: could not convert string to float: 'Young'"}
[2025-07-12T13:45:03.573+0000] {logging_mixin.py:190} INFO - Processing file: /opt/airflow/data/good_data/employee_data2_with_errors_chunk_5.csv
[2025-07-12T13:45:03.625+0000] {logging_mixin.py:190} INFO - Failed to predict for /opt/airflow/data/good_data/employee_data2_with_errors_chunk_5.csv. Status: 500, Response: {"detail":"Prediction error: could not convert string to float: 'Old'"}
[2025-07-12T13:45:03.625+0000] {logging_mixin.py:190} INFO - Processing file: /opt/airflow/data/good_data/employee_data2_with_errors_chunk_6.csv
[2025-07-12T13:45:03.846+0000] {logging_mixin.py:190} INFO - Failed to predict for /opt/airflow/data/good_data/employee_data2_with_errors_chunk_6.csv. Status: 500, Response: {"detail":"Prediction error: could not convert string to float: 'Old'"}
[2025-07-12T13:45:03.847+0000] {logging_mixin.py:190} INFO - Processing file: /opt/airflow/data/good_data/employee_data2_with_errors_chunk_13.csv
[2025-07-12T13:45:03.901+0000] {logging_mixin.py:190} INFO - Failed to predict for /opt/airflow/data/good_data/employee_data2_with_errors_chunk_13.csv. Status: 500, Response: {"detail":"Prediction error: could not convert string to float: 'Old'"}
[2025-07-12T13:45:03.902+0000] {crypto.py:82} WARNING - empty cryptography key - values will not be stored encrypted.
[2025-07-12T13:45:03.903+0000] {base.py:84} INFO - Retrieving connection 'processed_files_db'
[2025-07-12T13:45:03.910+0000] {logging_mixin.py:190} INFO - Saved processed files: ['employee_data2_with_errors_chunk_11.csv', 'employee_data2_with_errors_chunk_5.csv', 'employee_data2_with_errors_chunk_6.csv', 'employee_data2_with_errors_chunk_13.csv']
[2025-07-12T13:45:03.912+0000] {python.py:240} INFO - Done. Returned value was: Predictions made for 4 files
[2025-07-12T13:45:03.929+0000] {taskinstance.py:341} INFO - ::group::Post task execution logs
[2025-07-12T13:45:03.930+0000] {taskinstance.py:353} INFO - Marking task as SUCCESS. dag_id=employee_prediction_job, task_id=make_predictions, run_id=scheduled__2025-07-12T13:40:00+00:00, execution_date=20250712T134000, start_date=20250712T134503, end_date=20250712T134503
[2025-07-12T13:45:03.997+0000] {local_task_job_runner.py:266} INFO - Task exited with return code 0
[2025-07-12T13:45:04.009+0000] {taskinstance.py:3901} INFO - 0 downstream tasks scheduled from follow-on schedule check
[2025-07-12T13:45:04.010+0000] {local_task_job_runner.py:245} INFO - ::endgroup::
