[2025-07-11T15:44:31.458+0000] {local_task_job_runner.py:123} INFO - ::group::Pre task execution logs
[2025-07-11T15:44:31.478+0000] {taskinstance.py:2614} INFO - Dependencies all met for dep_context=non-requeueable deps ti=<TaskInstance: employee_ingestion_dag.save_statistics manual__2025-07-11T15:44:07.886772+00:00 [queued]>
[2025-07-11T15:44:31.485+0000] {taskinstance.py:2614} INFO - Dependencies all met for dep_context=requeueable deps ti=<TaskInstance: employee_ingestion_dag.save_statistics manual__2025-07-11T15:44:07.886772+00:00 [queued]>
[2025-07-11T15:44:31.486+0000] {taskinstance.py:2867} INFO - Starting attempt 1 of 1
[2025-07-11T15:44:31.497+0000] {taskinstance.py:2890} INFO - Executing <Task(_PythonDecoratedOperator): save_statistics> on 2025-07-11 15:44:07.886772+00:00
[2025-07-11T15:44:31.504+0000] {warnings.py:112} WARNING - /home/airflow/.local/lib/python3.12/site-packages/airflow/task/task_runner/standard_task_runner.py:70: DeprecationWarning: This process (pid=126) is multi-threaded, use of fork() may lead to deadlocks in the child.
  pid = os.fork()

[2025-07-11T15:44:31.505+0000] {standard_task_runner.py:72} INFO - Started process 132 to run task
[2025-07-11T15:44:31.506+0000] {standard_task_runner.py:104} INFO - Running: ['airflow', 'tasks', 'run', 'employee_ingestion_dag', 'save_statistics', 'manual__2025-07-11T15:44:07.886772+00:00', '--job-id', '53', '--raw', '--subdir', 'DAGS_FOLDER/ingestion_pipeline.py', '--cfg-path', '/tmp/tmpdlkls2pw']
[2025-07-11T15:44:31.507+0000] {standard_task_runner.py:105} INFO - Job 53: Subtask save_statistics
[2025-07-11T15:44:31.561+0000] {task_command.py:467} INFO - Running <TaskInstance: employee_ingestion_dag.save_statistics manual__2025-07-11T15:44:07.886772+00:00 [running]> on host 5a07e0ddeb4c
[2025-07-11T15:44:31.640+0000] {taskinstance.py:3134} INFO - Exporting env vars: AIRFLOW_CTX_DAG_OWNER='airflow' AIRFLOW_CTX_DAG_ID='employee_ingestion_dag' AIRFLOW_CTX_TASK_ID='save_statistics' AIRFLOW_CTX_EXECUTION_DATE='2025-07-11T15:44:07.886772+00:00' AIRFLOW_CTX_TRY_NUMBER='1' AIRFLOW_CTX_DAG_RUN_ID='manual__2025-07-11T15:44:07.886772+00:00'
[2025-07-11T15:44:31.643+0000] {taskinstance.py:732} INFO - ::endgroup::
[2025-07-11T15:44:31.682+0000] {crypto.py:82} WARNING - empty cryptography key - values will not be stored encrypted.
[2025-07-11T15:44:31.683+0000] {base.py:84} INFO - Retrieving connection 'postgres_dsp'
[2025-07-11T15:44:31.697+0000] {python.py:240} INFO - Done. Returned value was: None
[2025-07-11T15:44:31.708+0000] {taskinstance.py:341} INFO - ::group::Post task execution logs
[2025-07-11T15:44:31.708+0000] {taskinstance.py:353} INFO - Marking task as SUCCESS. dag_id=employee_ingestion_dag, task_id=save_statistics, run_id=manual__2025-07-11T15:44:07.886772+00:00, execution_date=20250711T154407, start_date=20250711T154431, end_date=20250711T154431
[2025-07-11T15:44:31.763+0000] {local_task_job_runner.py:266} INFO - Task exited with return code 0
[2025-07-11T15:44:31.777+0000] {taskinstance.py:3901} INFO - 0 downstream tasks scheduled from follow-on schedule check
[2025-07-11T15:44:31.779+0000] {local_task_job_runner.py:245} INFO - ::endgroup::
